[ 2018-01-02T14:18:41+08:00 ] 127.0.0.1 /shangjia/test/index.html
INFO: [ route_check ] --START--
INFO: CheckRoute Behavior ::run [ RunTime:0.000000s ]
INFO: [ route_check ] --END-- [ RunTime:0.000000s ]
NOTIC: [8192] preg_replace(): The /e modifier is deprecated, use preg_replace_callback instead E:\w\UPUPW_NP5.5_64-1511\UPUPW_NP5.5_64\vhosts\test\ThinkPHP\Lib\Core\Dispatcher.class.php 第 132 行.
NOTIC: [8192] preg_replace(): The /e modifier is deprecated, use preg_replace_callback instead E:\w\UPUPW_NP5.5_64-1511\UPUPW_NP5.5_64\vhosts\test\ThinkPHP\Common\common.php 第 217 行.
INFO: [ app_begin ] --START--
INFO: ReadHtmlCache Behavior ::run [ RunTime:0.000000s ]
INFO: [ app_begin ] --END-- [ RunTime:0.000000s ]
NOTIC: [8192] mysql_connect(): The mysql extension is deprecated and will be removed in the future: use mysqli or PDO instead E:\w\UPUPW_NP5.5_64-1511\UPUPW_NP5.5_64\vhosts\test\ThinkPHP\Extend\Driver\Session\SessionDb.class.php 第 96 行.
NOTIC: [8] Undefined variable: char E:\w\UPUPW_NP5.5_64-1511\UPUPW_NP5.5_64\vhosts\test\ThinkPHP\Extend\Library\ORG\Crypt\Base64.class.php 第 59 行.
NOTIC: [8] Undefined variable: str E:\w\UPUPW_NP5.5_64-1511\UPUPW_NP5.5_64\vhosts\test\ThinkPHP\Extend\Library\ORG\Crypt\Base64.class.php 第 66 行.
NOTIC: [8192] mysql_connect(): The mysql extension is deprecated and will be removed in the future: use mysqli or PDO instead E:\w\UPUPW_NP5.5_64-1511\UPUPW_NP5.5_64\vhosts\test\ThinkPHP\Lib\Driver\Db\DbMysql.class.php 第 55 行.
SQL: SHOW COLUMNS FROM `practice_users` [ RunTime:0.032002s ]
NOTIC: [8192] preg_replace(): The /e modifier is deprecated, use preg_replace_callback instead E:\w\UPUPW_NP5.5_64-1511\UPUPW_NP5.5_64\vhosts\test\ThinkPHP\Lib\Core\Db.class.php 第 605 行.
SQL: SELECT * FROM `practice_users` WHERE ( `user_id` = 11433 ) LIMIT 1   [ RunTime:0.003000s ]
SQL: SHOW COLUMNS FROM `practice_shop` [ RunTime:0.001000s ]
NOTIC: [8192] preg_replace(): The /e modifier is deprecated, use preg_replace_callback instead E:\w\UPUPW_NP5.5_64-1511\UPUPW_NP5.5_64\vhosts\test\ThinkPHP\Lib\Core\Db.class.php 第 605 行.
SQL: SELECT * FROM `practice_shop` WHERE ( `user_id` = 11433 ) AND ( `closed` = 0 ) AND ( `audit` = 1 ) LIMIT 1   [ RunTime:0.001000s ]
NOTIC: [2048] Declaration of SettingModel::fetchAll() should be compatible with CommonModel::fetchAll($field = '*', $where = Array) E:\w\UPUPW_NP5.5_64-1511\UPUPW_NP5.5_64\vhosts\test\Zhsj\Lib\Model\SettingModel.class.php 第 5 行.
NOTIC: [2048] Declaration of SettingModel::save() should be compatible with Model::save($data = '', $options = Array) E:\w\UPUPW_NP5.5_64-1511\UPUPW_NP5.5_64\vhosts\test\Zhsj\Lib\Model\SettingModel.class.php 第 5 行.
SQL: SHOW COLUMNS FROM `practice_setting` [ RunTime:0.007001s ]
SQL: SHOW COLUMNS FROM `practice_shop_cate` [ RunTime:0.001000s ]
NOTIC: [8] Constant THEME_PATH already defined E:\w\UPUPW_NP5.5_64-1511\UPUPW_NP5.5_64\vhosts\test\ThinkPHP\Lib\Core\View.class.php 第 154 行.
NOTIC: [8] Constant APP_TMPL_PATH already defined E:\w\UPUPW_NP5.5_64-1511\UPUPW_NP5.5_64\vhosts\test\ThinkPHP\Lib\Core\View.class.php 第 155 行.
INFO: [ view_parse ] --START--
NOTIC: [8192] preg_replace(): The /e modifier is deprecated, use preg_replace_callback instead E:\w\UPUPW_NP5.5_64-1511\UPUPW_NP5.5_64\vhosts\test\ThinkPHP\Lib\Template\ThinkTemplate.class.php 第 273 行.
NOTIC: [8192] preg_replace(): The /e modifier is deprecated, use preg_replace_callback instead E:\w\UPUPW_NP5.5_64-1511\UPUPW_NP5.5_64\vhosts\test\ThinkPHP\Lib\Template\ThinkTemplate.class.php 第 273 行.
NOTIC: [8192] preg_replace(): The /e modifier is deprecated, use preg_replace_callback instead E:\w\UPUPW_NP5.5_64-1511\UPUPW_NP5.5_64\vhosts\test\ThinkPHP\Lib\Template\ThinkTemplate.class.php 第 273 行.
NOTIC: [8192] preg_replace(): The /e modifier is deprecated, use preg_replace_callback instead E:\w\UPUPW_NP5.5_64-1511\UPUPW_NP5.5_64\vhosts\test\ThinkPHP\Lib\Template\ThinkTemplate.class.php 第 168 行.
NOTIC: [8192] preg_replace(): The /e modifier is deprecated, use preg_replace_callback instead E:\w\UPUPW_NP5.5_64-1511\UPUPW_NP5.5_64\vhosts\test\ThinkPHP\Lib\Template\ThinkTemplate.class.php 第 404 行.
NOTIC: [8192] preg_replace(): The /e modifier is deprecated, use preg_replace_callback instead E:\w\UPUPW_NP5.5_64-1511\UPUPW_NP5.5_64\vhosts\test\ThinkPHP\Lib\Template\ThinkTemplate.class.php 第 404 行.
NOTIC: [8192] preg_replace(): The /e modifier is deprecated, use preg_replace_callback instead E:\w\UPUPW_NP5.5_64-1511\UPUPW_NP5.5_64\vhosts\test\ThinkPHP\Lib\Template\ThinkTemplate.class.php 第 404 行.
NOTIC: [8192] preg_replace(): The /e modifier is deprecated, use preg_replace_callback instead E:\w\UPUPW_NP5.5_64-1511\UPUPW_NP5.5_64\vhosts\test\ThinkPHP\Lib\Template\ThinkTemplate.class.php 第 404 行.
NOTIC: [8192] preg_replace(): The /e modifier is deprecated, use preg_replace_callback instead E:\w\UPUPW_NP5.5_64-1511\UPUPW_NP5.5_64\vhosts\test\ThinkPHP\Lib\Template\ThinkTemplate.class.php 第 404 行.
NOTIC: [8192] preg_replace(): The /e modifier is deprecated, use preg_replace_callback instead E:\w\UPUPW_NP5.5_64-1511\UPUPW_NP5.5_64\vhosts\test\ThinkPHP\Lib\Template\ThinkTemplate.class.php 第 404 行.
NOTIC: [8192] preg_replace(): The /e modifier is deprecated, use preg_replace_callback instead E:\w\UPUPW_NP5.5_64-1511\UPUPW_NP5.5_64\vhosts\test\ThinkPHP\Lib\Template\ThinkTemplate.class.php 第 404 行.
NOTIC: [8192] preg_replace(): The /e modifier is deprecated, use preg_replace_callback instead E:\w\UPUPW_NP5.5_64-1511\UPUPW_NP5.5_64\vhosts\test\ThinkPHP\Lib\Template\ThinkTemplate.class.php 第 404 行.
NOTIC: [8192] preg_replace(): The /e modifier is deprecated, use preg_replace_callback instead E:\w\UPUPW_NP5.5_64-1511\UPUPW_NP5.5_64\vhosts\test\ThinkPHP\Lib\Template\ThinkTemplate.class.php 第 273 行.
NOTIC: [8192] preg_replace(): The /e modifier is deprecated, use preg_replace_callback instead E:\w\UPUPW_NP5.5_64-1511\UPUPW_NP5.5_64\vhosts\test\ThinkPHP\Lib\Template\ThinkTemplate.class.php 第 168 行.
NOTIC: [8192] preg_replace(): The /e modifier is deprecated, use preg_replace_callback instead E:\w\UPUPW_NP5.5_64-1511\UPUPW_NP5.5_64\vhosts\test\ThinkPHP\Lib\Template\ThinkTemplate.class.php 第 404 行.
NOTIC: [8192] preg_replace(): The /e modifier is deprecated, use preg_replace_callback instead E:\w\UPUPW_NP5.5_64-1511\UPUPW_NP5.5_64\vhosts\test\ThinkPHP\Lib\Template\ThinkTemplate.class.php 第 404 行.
NOTIC: [8192] preg_replace(): The /e modifier is deprecated, use preg_replace_callback instead E:\w\UPUPW_NP5.5_64-1511\UPUPW_NP5.5_64\vhosts\test\ThinkPHP\Lib\Template\ThinkTemplate.class.php 第 404 行.
NOTIC: [8192] preg_replace(): The /e modifier is deprecated, use preg_replace_callback instead E:\w\UPUPW_NP5.5_64-1511\UPUPW_NP5.5_64\vhosts\test\ThinkPHP\Lib\Template\ThinkTemplate.class.php 第 404 行.
NOTIC: [8192] preg_replace(): The /e modifier is deprecated, use preg_replace_callback instead E:\w\UPUPW_NP5.5_64-1511\UPUPW_NP5.5_64\vhosts\test\ThinkPHP\Lib\Template\ThinkTemplate.class.php 第 404 行.
NOTIC: [8192] preg_replace(): The /e modifier is deprecated, use preg_replace_callback instead E:\w\UPUPW_NP5.5_64-1511\UPUPW_NP5.5_64\vhosts\test\ThinkPHP\Lib\Template\ThinkTemplate.class.php 第 404 行.
NOTIC: [8192] preg_replace(): The /e modifier is deprecated, use preg_replace_callback instead E:\w\UPUPW_NP5.5_64-1511\UPUPW_NP5.5_64\vhosts\test\ThinkPHP\Lib\Template\ThinkTemplate.class.php 第 404 行.
NOTIC: [8192] preg_replace(): The /e modifier is deprecated, use preg_replace_callback instead E:\w\UPUPW_NP5.5_64-1511\UPUPW_NP5.5_64\vhosts\test\ThinkPHP\Lib\Template\ThinkTemplate.class.php 第 404 行.
NOTIC: [8192] preg_replace(): The /e modifier is deprecated, use preg_replace_callback instead E:\w\UPUPW_NP5.5_64-1511\UPUPW_NP5.5_64\vhosts\test\ThinkPHP\Lib\Template\ThinkTemplate.class.php 第 404 行.
NOTIC: [8192] preg_replace(): The /e modifier is deprecated, use preg_replace_callback instead E:\w\UPUPW_NP5.5_64-1511\UPUPW_NP5.5_64\vhosts\test\ThinkPHP\Lib\Template\ThinkTemplate.class.php 第 404 行.
NOTIC: [8192] preg_replace(): The /e modifier is deprecated, use preg_replace_callback instead E:\w\UPUPW_NP5.5_64-1511\UPUPW_NP5.5_64\vhosts\test\ThinkPHP\Lib\Template\ThinkTemplate.class.php 第 404 行.
NOTIC: [8192] preg_replace(): The /e modifier is deprecated, use preg_replace_callback instead E:\w\UPUPW_NP5.5_64-1511\UPUPW_NP5.5_64\vhosts\test\ThinkPHP\Lib\Template\ThinkTemplate.class.php 第 404 行.
NOTIC: [8192] preg_replace(): The /e modifier is deprecated, use preg_replace_callback instead E:\w\UPUPW_NP5.5_64-1511\UPUPW_NP5.5_64\vhosts\test\ThinkPHP\Lib\Template\ThinkTemplate.class.php 第 399 行.
NOTIC: [8192] preg_replace(): The /e modifier is deprecated, use preg_replace_callback instead E:\w\UPUPW_NP5.5_64-1511\UPUPW_NP5.5_64\vhosts\test\ThinkPHP\Lib\Template\ThinkTemplate.class.php 第 399 行.
NOTIC: [8192] preg_replace(): The /e modifier is deprecated, use preg_replace_callback instead E:\w\UPUPW_NP5.5_64-1511\UPUPW_NP5.5_64\vhosts\test\ThinkPHP\Lib\Template\ThinkTemplate.class.php 第 404 行.
NOTIC: [8192] preg_replace(): The /e modifier is deprecated, use preg_replace_callback instead E:\w\UPUPW_NP5.5_64-1511\UPUPW_NP5.5_64\vhosts\test\ThinkPHP\Lib\Template\ThinkTemplate.class.php 第 404 行.
NOTIC: [8192] preg_replace(): The /e modifier is deprecated, use preg_replace_callback instead E:\w\UPUPW_NP5.5_64-1511\UPUPW_NP5.5_64\vhosts\test\ThinkPHP\Lib\Template\ThinkTemplate.class.php 第 404 行.
NOTIC: [8192] preg_replace(): The /e modifier is deprecated, use preg_replace_callback instead E:\w\UPUPW_NP5.5_64-1511\UPUPW_NP5.5_64\vhosts\test\ThinkPHP\Lib\Template\ThinkTemplate.class.php 第 399 行.
NOTIC: [8192] preg_replace(): The /e modifier is deprecated, use preg_replace_callback instead E:\w\UPUPW_NP5.5_64-1511\UPUPW_NP5.5_64\vhosts\test\ThinkPHP\Lib\Template\ThinkTemplate.class.php 第 404 行.
NOTIC: [8192] preg_replace(): The /e modifier is deprecated, use preg_replace_callback instead E:\w\UPUPW_NP5.5_64-1511\UPUPW_NP5.5_64\vhosts\test\ThinkPHP\Lib\Template\ThinkTemplate.class.php 第 404 行.
NOTIC: [8192] preg_replace(): The /e modifier is deprecated, use preg_replace_callback instead E:\w\UPUPW_NP5.5_64-1511\UPUPW_NP5.5_64\vhosts\test\ThinkPHP\Lib\Template\ThinkTemplate.class.php 第 404 行.
NOTIC: [8192] preg_replace(): The /e modifier is deprecated, use preg_replace_callback instead E:\w\UPUPW_NP5.5_64-1511\UPUPW_NP5.5_64\vhosts\test\ThinkPHP\Lib\Template\ThinkTemplate.class.php 第 404 行.
NOTIC: [8192] preg_replace(): The /e modifier is deprecated, use preg_replace_callback instead E:\w\UPUPW_NP5.5_64-1511\UPUPW_NP5.5_64\vhosts\test\ThinkPHP\Lib\Template\ThinkTemplate.class.php 第 404 行.
NOTIC: [8192] preg_replace(): The /e modifier is deprecated, use preg_replace_callback instead E:\w\UPUPW_NP5.5_64-1511\UPUPW_NP5.5_64\vhosts\test\ThinkPHP\Lib\Template\ThinkTemplate.class.php 第 404 行.
NOTIC: [8192] preg_replace(): The /e modifier is deprecated, use preg_replace_callback instead E:\w\UPUPW_NP5.5_64-1511\UPUPW_NP5.5_64\vhosts\test\ThinkPHP\Lib\Template\ThinkTemplate.class.php 第 404 行.
NOTIC: [8192] preg_replace(): The /e modifier is deprecated, use preg_replace_callback instead E:\w\UPUPW_NP5.5_64-1511\UPUPW_NP5.5_64\vhosts\test\ThinkPHP\Lib\Template\ThinkTemplate.class.php 第 404 行.
NOTIC: [8192] preg_replace(): The /e modifier is deprecated, use preg_replace_callback instead E:\w\UPUPW_NP5.5_64-1511\UPUPW_NP5.5_64\vhosts\test\ThinkPHP\Lib\Template\ThinkTemplate.class.php 第 404 行.
NOTIC: [8192] preg_replace(): The /e modifier is deprecated, use preg_replace_callback instead E:\w\UPUPW_NP5.5_64-1511\UPUPW_NP5.5_64\vhosts\test\ThinkPHP\Lib\Template\ThinkTemplate.class.php 第 404 行.
NOTIC: [8192] preg_replace(): The /e modifier is deprecated, use preg_replace_callback instead E:\w\UPUPW_NP5.5_64-1511\UPUPW_NP5.5_64\vhosts\test\ThinkPHP\Lib\Template\ThinkTemplate.class.php 第 404 行.
NOTIC: [8192] preg_replace(): The /e modifier is deprecated, use preg_replace_callback instead E:\w\UPUPW_NP5.5_64-1511\UPUPW_NP5.5_64\vhosts\test\ThinkPHP\Lib\Template\ThinkTemplate.class.php 第 404 行.
NOTIC: [8192] preg_replace(): The /e modifier is deprecated, use preg_replace_callback instead E:\w\UPUPW_NP5.5_64-1511\UPUPW_NP5.5_64\vhosts\test\ThinkPHP\Lib\Template\ThinkTemplate.class.php 第 404 行.
NOTIC: [8192] preg_replace(): The /e modifier is deprecated, use preg_replace_callback instead E:\w\UPUPW_NP5.5_64-1511\UPUPW_NP5.5_64\vhosts\test\ThinkPHP\Lib\Template\ThinkTemplate.class.php 第 404 行.
NOTIC: [8192] preg_replace(): The /e modifier is deprecated, use preg_replace_callback instead E:\w\UPUPW_NP5.5_64-1511\UPUPW_NP5.5_64\vhosts\test\ThinkPHP\Lib\Template\ThinkTemplate.class.php 第 404 行.
NOTIC: [8192] preg_replace(): The /e modifier is deprecated, use preg_replace_callback instead E:\w\UPUPW_NP5.5_64-1511\UPUPW_NP5.5_64\vhosts\test\ThinkPHP\Lib\Template\ThinkTemplate.class.php 第 404 行.
NOTIC: [8192] preg_replace(): The /e modifier is deprecated, use preg_replace_callback instead E:\w\UPUPW_NP5.5_64-1511\UPUPW_NP5.5_64\vhosts\test\ThinkPHP\Lib\Template\ThinkTemplate.class.php 第 404 行.
NOTIC: [8192] preg_replace(): The /e modifier is deprecated, use preg_replace_callback instead E:\w\UPUPW_NP5.5_64-1511\UPUPW_NP5.5_64\vhosts\test\ThinkPHP\Lib\Template\ThinkTemplate.class.php 第 404 行.
NOTIC: [8192] preg_replace(): The /e modifier is deprecated, use preg_replace_callback instead E:\w\UPUPW_NP5.5_64-1511\UPUPW_NP5.5_64\vhosts\test\ThinkPHP\Lib\Template\ThinkTemplate.class.php 第 404 行.
NOTIC: [8192] preg_replace(): The /e modifier is deprecated, use preg_replace_callback instead E:\w\UPUPW_NP5.5_64-1511\UPUPW_NP5.5_64\vhosts\test\ThinkPHP\Lib\Template\ThinkTemplate.class.php 第 404 行.
NOTIC: [8192] preg_replace(): The /e modifier is deprecated, use preg_replace_callback instead E:\w\UPUPW_NP5.5_64-1511\UPUPW_NP5.5_64\vhosts\test\ThinkPHP\Lib\Template\ThinkTemplate.class.php 第 404 行.
NOTIC: [8192] preg_replace(): The /e modifier is deprecated, use preg_replace_callback instead E:\w\UPUPW_NP5.5_64-1511\UPUPW_NP5.5_64\vhosts\test\ThinkPHP\Lib\Template\ThinkTemplate.class.php 第 404 行.
NOTIC: [8192] preg_replace(): The /e modifier is deprecated, use preg_replace_callback instead E:\w\UPUPW_NP5.5_64-1511\UPUPW_NP5.5_64\vhosts\test\ThinkPHP\Lib\Template\ThinkTemplate.class.php 第 404 行.
NOTIC: [8192] preg_replace(): The /e modifier is deprecated, use preg_replace_callback instead E:\w\UPUPW_NP5.5_64-1511\UPUPW_NP5.5_64\vhosts\test\ThinkPHP\Lib\Template\ThinkTemplate.class.php 第 404 行.
NOTIC: [8192] preg_replace(): The /e modifier is deprecated, use preg_replace_callback instead E:\w\UPUPW_NP5.5_64-1511\UPUPW_NP5.5_64\vhosts\test\ThinkPHP\Lib\Template\ThinkTemplate.class.php 第 404 行.
NOTIC: [8192] preg_replace(): The /e modifier is deprecated, use preg_replace_callback instead E:\w\UPUPW_NP5.5_64-1511\UPUPW_NP5.5_64\vhosts\test\ThinkPHP\Lib\Template\ThinkTemplate.class.php 第 404 行.
NOTIC: [8192] preg_replace(): The /e modifier is deprecated, use preg_replace_callback instead E:\w\UPUPW_NP5.5_64-1511\UPUPW_NP5.5_64\vhosts\test\ThinkPHP\Lib\Template\ThinkTemplate.class.php 第 404 行.
NOTIC: [8192] preg_replace(): The /e modifier is deprecated, use preg_replace_callback instead E:\w\UPUPW_NP5.5_64-1511\UPUPW_NP5.5_64\vhosts\test\ThinkPHP\Lib\Template\ThinkTemplate.class.php 第 404 行.
NOTIC: [8192] preg_replace(): The /e modifier is deprecated, use preg_replace_callback instead E:\w\UPUPW_NP5.5_64-1511\UPUPW_NP5.5_64\vhosts\test\ThinkPHP\Lib\Template\ThinkTemplate.class.php 第 404 行.
NOTIC: [8192] preg_replace(): The /e modifier is deprecated, use preg_replace_callback instead E:\w\UPUPW_NP5.5_64-1511\UPUPW_NP5.5_64\vhosts\test\ThinkPHP\Lib\Template\ThinkTemplate.class.php 第 404 行.
NOTIC: [8192] preg_replace(): The /e modifier is deprecated, use preg_replace_callback instead E:\w\UPUPW_NP5.5_64-1511\UPUPW_NP5.5_64\vhosts\test\ThinkPHP\Lib\Template\ThinkTemplate.class.php 第 404 行.
NOTIC: [8192] preg_replace(): The /e modifier is deprecated, use preg_replace_callback instead E:\w\UPUPW_NP5.5_64-1511\UPUPW_NP5.5_64\vhosts\test\ThinkPHP\Lib\Template\ThinkTemplate.class.php 第 404 行.
NOTIC: [8192] preg_replace(): The /e modifier is deprecated, use preg_replace_callback instead E:\w\UPUPW_NP5.5_64-1511\UPUPW_NP5.5_64\vhosts\test\ThinkPHP\Lib\Template\ThinkTemplate.class.php 第 404 行.
NOTIC: [8192] preg_replace(): The /e modifier is deprecated, use preg_replace_callback instead E:\w\UPUPW_NP5.5_64-1511\UPUPW_NP5.5_64\vhosts\test\ThinkPHP\Lib\Template\ThinkTemplate.class.php 第 404 行.
NOTIC: [8192] preg_replace(): The /e modifier is deprecated, use preg_replace_callback instead E:\w\UPUPW_NP5.5_64-1511\UPUPW_NP5.5_64\vhosts\test\ThinkPHP\Lib\Template\ThinkTemplate.class.php 第 404 行.
NOTIC: [8192] preg_replace(): The /e modifier is deprecated, use preg_replace_callback instead E:\w\UPUPW_NP5.5_64-1511\UPUPW_NP5.5_64\vhosts\test\ThinkPHP\Lib\Template\ThinkTemplate.class.php 第 404 行.
NOTIC: [8192] preg_replace(): The /e modifier is deprecated, use preg_replace_callback instead E:\w\UPUPW_NP5.5_64-1511\UPUPW_NP5.5_64\vhosts\test\ThinkPHP\Lib\Template\ThinkTemplate.class.php 第 404 行.
NOTIC: [8192] preg_replace(): The /e modifier is deprecated, use preg_replace_callback instead E:\w\UPUPW_NP5.5_64-1511\UPUPW_NP5.5_64\vhosts\test\ThinkPHP\Lib\Template\ThinkTemplate.class.php 第 404 行.
NOTIC: [8192] preg_replace(): The /e modifier is deprecated, use preg_replace_callback instead E:\w\UPUPW_NP5.5_64-1511\UPUPW_NP5.5_64\vhosts\test\ThinkPHP\Lib\Template\ThinkTemplate.class.php 第 404 行.
NOTIC: [8192] preg_replace(): The /e modifier is deprecated, use preg_replace_callback instead E:\w\UPUPW_NP5.5_64-1511\UPUPW_NP5.5_64\vhosts\test\ThinkPHP\Lib\Template\ThinkTemplate.class.php 第 404 行.
NOTIC: [8192] preg_replace(): The /e modifier is deprecated, use preg_replace_callback instead E:\w\UPUPW_NP5.5_64-1511\UPUPW_NP5.5_64\vhosts\test\ThinkPHP\Lib\Template\ThinkTemplate.class.php 第 404 行.
NOTIC: [8192] preg_replace(): The /e modifier is deprecated, use preg_replace_callback instead E:\w\UPUPW_NP5.5_64-1511\UPUPW_NP5.5_64\vhosts\test\ThinkPHP\Lib\Template\ThinkTemplate.class.php 第 404 行.
NOTIC: [8192] preg_replace(): The /e modifier is deprecated, use preg_replace_callback instead E:\w\UPUPW_NP5.5_64-1511\UPUPW_NP5.5_64\vhosts\test\ThinkPHP\Lib\Template\ThinkTemplate.class.php 第 404 行.
NOTIC: [8192] preg_replace(): The /e modifier is deprecated, use preg_replace_callback instead E:\w\UPUPW_NP5.5_64-1511\UPUPW_NP5.5_64\vhosts\test\ThinkPHP\Lib\Template\ThinkTemplate.class.php 第 404 行.
NOTIC: [8192] preg_replace(): The /e modifier is deprecated, use preg_replace_callback instead E:\w\UPUPW_NP5.5_64-1511\UPUPW_NP5.5_64\vhosts\test\ThinkPHP\Lib\Template\ThinkTemplate.class.php 第 404 行.
NOTIC: [8192] preg_replace(): The /e modifier is deprecated, use preg_replace_callback instead E:\w\UPUPW_NP5.5_64-1511\UPUPW_NP5.5_64\vhosts\test\ThinkPHP\Lib\Template\ThinkTemplate.class.php 第 404 行.
NOTIC: [8192] preg_replace(): The /e modifier is deprecated, use preg_replace_callback instead E:\w\UPUPW_NP5.5_64-1511\UPUPW_NP5.5_64\vhosts\test\ThinkPHP\Lib\Template\ThinkTemplate.class.php 第 404 行.
NOTIC: [8192] preg_replace(): The /e modifier is deprecated, use preg_replace_callback instead E:\w\UPUPW_NP5.5_64-1511\UPUPW_NP5.5_64\vhosts\test\ThinkPHP\Lib\Template\ThinkTemplate.class.php 第 404 行.
NOTIC: [8192] preg_replace(): The /e modifier is deprecated, use preg_replace_callback instead E:\w\UPUPW_NP5.5_64-1511\UPUPW_NP5.5_64\vhosts\test\ThinkPHP\Lib\Template\ThinkTemplate.class.php 第 404 行.
NOTIC: [8192] preg_replace(): The /e modifier is deprecated, use preg_replace_callback instead E:\w\UPUPW_NP5.5_64-1511\UPUPW_NP5.5_64\vhosts\test\ThinkPHP\Lib\Template\ThinkTemplate.class.php 第 404 行.
NOTIC: [8192] preg_replace(): The /e modifier is deprecated, use preg_replace_callback instead E:\w\UPUPW_NP5.5_64-1511\UPUPW_NP5.5_64\vhosts\test\ThinkPHP\Lib\Template\ThinkTemplate.class.php 第 404 行.
NOTIC: [8192] preg_replace(): The /e modifier is deprecated, use preg_replace_callback instead E:\w\UPUPW_NP5.5_64-1511\UPUPW_NP5.5_64\vhosts\test\ThinkPHP\Lib\Template\ThinkTemplate.class.php 第 404 行.
NOTIC: [8192] preg_replace(): The /e modifier is deprecated, use preg_replace_callback instead E:\w\UPUPW_NP5.5_64-1511\UPUPW_NP5.5_64\vhosts\test\ThinkPHP\Lib\Template\ThinkTemplate.class.php 第 404 行.
NOTIC: [8192] preg_replace(): The /e modifier is deprecated, use preg_replace_callback instead E:\w\UPUPW_NP5.5_64-1511\UPUPW_NP5.5_64\vhosts\test\ThinkPHP\Lib\Template\ThinkTemplate.class.php 第 404 行.
NOTIC: [8192] preg_replace(): The /e modifier is deprecated, use preg_replace_callback instead E:\w\UPUPW_NP5.5_64-1511\UPUPW_NP5.5_64\vhosts\test\ThinkPHP\Lib\Template\ThinkTemplate.class.php 第 404 行.
NOTIC: [8192] preg_replace(): The /e modifier is deprecated, use preg_replace_callback instead E:\w\UPUPW_NP5.5_64-1511\UPUPW_NP5.5_64\vhosts\test\ThinkPHP\Lib\Template\ThinkTemplate.class.php 第 404 行.
NOTIC: [8192] preg_replace(): The /e modifier is deprecated, use preg_replace_callback instead E:\w\UPUPW_NP5.5_64-1511\UPUPW_NP5.5_64\vhosts\test\ThinkPHP\Lib\Template\ThinkTemplate.class.php 第 404 行.
NOTIC: [8192] preg_replace(): The /e modifier is deprecated, use preg_replace_callback instead E:\w\UPUPW_NP5.5_64-1511\UPUPW_NP5.5_64\vhosts\test\ThinkPHP\Lib\Template\ThinkTemplate.class.php 第 404 行.
NOTIC: [8192] preg_replace(): The /e modifier is deprecated, use preg_replace_callback instead E:\w\UPUPW_NP5.5_64-1511\UPUPW_NP5.5_64\vhosts\test\ThinkPHP\Lib\Template\ThinkTemplate.class.php 第 404 行.
NOTIC: [8192] preg_replace(): The /e modifier is deprecated, use preg_replace_callback instead E:\w\UPUPW_NP5.5_64-1511\UPUPW_NP5.5_64\vhosts\test\ThinkPHP\Lib\Template\ThinkTemplate.class.php 第 404 行.
NOTIC: [8192] preg_replace(): The /e modifier is deprecated, use preg_replace_callback instead E:\w\UPUPW_NP5.5_64-1511\UPUPW_NP5.5_64\vhosts\test\ThinkPHP\Lib\Template\ThinkTemplate.class.php 第 404 行.
NOTIC: [8192] preg_replace(): The /e modifier is deprecated, use preg_replace_callback instead E:\w\UPUPW_NP5.5_64-1511\UPUPW_NP5.5_64\vhosts\test\ThinkPHP\Lib\Template\ThinkTemplate.class.php 第 404 行.
NOTIC: [8192] preg_replace(): The /e modifier is deprecated, use preg_replace_callback instead E:\w\UPUPW_NP5.5_64-1511\UPUPW_NP5.5_64\vhosts\test\ThinkPHP\Lib\Template\ThinkTemplate.class.php 第 404 行.
NOTIC: [8192] preg_replace(): The /e modifier is deprecated, use preg_replace_callback instead E:\w\UPUPW_NP5.5_64-1511\UPUPW_NP5.5_64\vhosts\test\ThinkPHP\Lib\Template\ThinkTemplate.class.php 第 404 行.
NOTIC: [8192] preg_replace(): The /e modifier is deprecated, use preg_replace_callback instead E:\w\UPUPW_NP5.5_64-1511\UPUPW_NP5.5_64\vhosts\test\ThinkPHP\Lib\Template\ThinkTemplate.class.php 第 404 行.
NOTIC: [8192] preg_replace(): The /e modifier is deprecated, use preg_replace_callback instead E:\w\UPUPW_NP5.5_64-1511\UPUPW_NP5.5_64\vhosts\test\ThinkPHP\Lib\Template\ThinkTemplate.class.php 第 404 行.
NOTIC: [8192] preg_replace(): The /e modifier is deprecated, use preg_replace_callback instead E:\w\UPUPW_NP5.5_64-1511\UPUPW_NP5.5_64\vhosts\test\ThinkPHP\Lib\Template\ThinkTemplate.class.php 第 399 行.
NOTIC: [8192] preg_replace(): The /e modifier is deprecated, use preg_replace_callback instead E:\w\UPUPW_NP5.5_64-1511\UPUPW_NP5.5_64\vhosts\test\ThinkPHP\Lib\Template\ThinkTemplate.class.php 第 399 行.
NOTIC: [8192] preg_replace(): The /e modifier is deprecated, use preg_replace_callback instead E:\w\UPUPW_NP5.5_64-1511\UPUPW_NP5.5_64\vhosts\test\ThinkPHP\Lib\Template\ThinkTemplate.class.php 第 399 行.
NOTIC: [8192] preg_replace(): The /e modifier is deprecated, use preg_replace_callback instead E:\w\UPUPW_NP5.5_64-1511\UPUPW_NP5.5_64\vhosts\test\ThinkPHP\Lib\Template\ThinkTemplate.class.php 第 399 行.
NOTIC: [8192] preg_replace(): The /e modifier is deprecated, use preg_replace_callback instead E:\w\UPUPW_NP5.5_64-1511\UPUPW_NP5.5_64\vhosts\test\ThinkPHP\Lib\Template\ThinkTemplate.class.php 第 399 行.
NOTIC: [8192] preg_replace(): The /e modifier is deprecated, use preg_replace_callback instead E:\w\UPUPW_NP5.5_64-1511\UPUPW_NP5.5_64\vhosts\test\ThinkPHP\Lib\Template\ThinkTemplate.class.php 第 399 行.
NOTIC: [8192] preg_replace(): The /e modifier is deprecated, use preg_replace_callback instead E:\w\UPUPW_NP5.5_64-1511\UPUPW_NP5.5_64\vhosts\test\ThinkPHP\Lib\Template\ThinkTemplate.class.php 第 404 行.
NOTIC: [8192] preg_replace(): The /e modifier is deprecated, use preg_replace_callback instead E:\w\UPUPW_NP5.5_64-1511\UPUPW_NP5.5_64\vhosts\test\ThinkPHP\Lib\Template\ThinkTemplate.class.php 第 404 行.
NOTIC: [8192] preg_replace(): The /e modifier is deprecated, use preg_replace_callback instead E:\w\UPUPW_NP5.5_64-1511\UPUPW_NP5.5_64\vhosts\test\ThinkPHP\Lib\Template\ThinkTemplate.class.php 第 404 行.
NOTIC: [8192] preg_replace(): The /e modifier is deprecated, use preg_replace_callback instead E:\w\UPUPW_NP5.5_64-1511\UPUPW_NP5.5_64\vhosts\test\ThinkPHP\Lib\Template\ThinkTemplate.class.php 第 404 行.
NOTIC: [8192] preg_replace(): The /e modifier is deprecated, use preg_replace_callback instead E:\w\UPUPW_NP5.5_64-1511\UPUPW_NP5.5_64\vhosts\test\ThinkPHP\Lib\Template\ThinkTemplate.class.php 第 404 行.
NOTIC: [8192] preg_replace(): The /e modifier is deprecated, use preg_replace_callback instead E:\w\UPUPW_NP5.5_64-1511\UPUPW_NP5.5_64\vhosts\test\ThinkPHP\Lib\Template\ThinkTemplate.class.php 第 197 行.
NOTIC: [8192] preg_replace(): The /e modifier is deprecated, use preg_replace_callback instead E:\w\UPUPW_NP5.5_64-1511\UPUPW_NP5.5_64\vhosts\test\ThinkPHP\Lib\Template\ThinkTemplate.class.php 第 273 行.
NOTIC: [8192] preg_replace(): The /e modifier is deprecated, use preg_replace_callback instead E:\w\UPUPW_NP5.5_64-1511\UPUPW_NP5.5_64\vhosts\test\ThinkPHP\Lib\Template\ThinkTemplate.class.php 第 168 行.
NOTIC: [8192] preg_replace(): The /e modifier is deprecated, use preg_replace_callback instead E:\w\UPUPW_NP5.5_64-1511\UPUPW_NP5.5_64\vhosts\test\ThinkPHP\Lib\Template\ThinkTemplate.class.php 第 404 行.
NOTIC: [8192] preg_replace(): The /e modifier is deprecated, use preg_replace_callback instead E:\w\UPUPW_NP5.5_64-1511\UPUPW_NP5.5_64\vhosts\test\ThinkPHP\Lib\Template\ThinkTemplate.class.php 第 404 行.
NOTIC: [8192] preg_replace(): The /e modifier is deprecated, use preg_replace_callback instead E:\w\UPUPW_NP5.5_64-1511\UPUPW_NP5.5_64\vhosts\test\ThinkPHP\Lib\Template\ThinkTemplate.class.php 第 404 行.
NOTIC: [8192] preg_replace(): The /e modifier is deprecated, use preg_replace_callback instead E:\w\UPUPW_NP5.5_64-1511\UPUPW_NP5.5_64\vhosts\test\ThinkPHP\Lib\Template\ThinkTemplate.class.php 第 404 行.
NOTIC: [8192] preg_replace(): The /e modifier is deprecated, use preg_replace_callback instead E:\w\UPUPW_NP5.5_64-1511\UPUPW_NP5.5_64\vhosts\test\ThinkPHP\Lib\Template\ThinkTemplate.class.php 第 404 行.
NOTIC: [8192] preg_replace(): The /e modifier is deprecated, use preg_replace_callback instead E:\w\UPUPW_NP5.5_64-1511\UPUPW_NP5.5_64\vhosts\test\ThinkPHP\Lib\Template\ThinkTemplate.class.php 第 404 行.
NOTIC: [8192] preg_replace(): The /e modifier is deprecated, use preg_replace_callback instead E:\w\UPUPW_NP5.5_64-1511\UPUPW_NP5.5_64\vhosts\test\ThinkPHP\Lib\Template\ThinkTemplate.class.php 第 404 行.
NOTIC: [8192] preg_replace(): The /e modifier is deprecated, use preg_replace_callback instead E:\w\UPUPW_NP5.5_64-1511\UPUPW_NP5.5_64\vhosts\test\ThinkPHP\Lib\Template\ThinkTemplate.class.php 第 404 行.
NOTIC: [8192] preg_replace(): The /e modifier is deprecated, use preg_replace_callback instead E:\w\UPUPW_NP5.5_64-1511\UPUPW_NP5.5_64\vhosts\test\ThinkPHP\Lib\Template\ThinkTemplate.class.php 第 404 行.
NOTIC: [8192] preg_replace(): The /e modifier is deprecated, use preg_replace_callback instead E:\w\UPUPW_NP5.5_64-1511\UPUPW_NP5.5_64\vhosts\test\ThinkPHP\Lib\Template\ThinkTemplate.class.php 第 404 行.
NOTIC: [8192] preg_replace(): The /e modifier is deprecated, use preg_replace_callback instead E:\w\UPUPW_NP5.5_64-1511\UPUPW_NP5.5_64\vhosts\test\ThinkPHP\Lib\Template\ThinkTemplate.class.php 第 404 行.
NOTIC: [8192] preg_replace(): The /e modifier is deprecated, use preg_replace_callback instead E:\w\UPUPW_NP5.5_64-1511\UPUPW_NP5.5_64\vhosts\test\ThinkPHP\Lib\Template\ThinkTemplate.class.php 第 404 行.
NOTIC: [8192] preg_replace(): The /e modifier is deprecated, use preg_replace_callback instead E:\w\UPUPW_NP5.5_64-1511\UPUPW_NP5.5_64\vhosts\test\ThinkPHP\Lib\Template\ThinkTemplate.class.php 第 399 行.
NOTIC: [8192] preg_replace(): The /e modifier is deprecated, use preg_replace_callback instead E:\w\UPUPW_NP5.5_64-1511\UPUPW_NP5.5_64\vhosts\test\ThinkPHP\Lib\Template\ThinkTemplate.class.php 第 399 行.
NOTIC: [8192] preg_replace(): The /e modifier is deprecated, use preg_replace_callback instead E:\w\UPUPW_NP5.5_64-1511\UPUPW_NP5.5_64\vhosts\test\ThinkPHP\Lib\Template\ThinkTemplate.class.php 第 404 行.
NOTIC: [8192] preg_replace(): The /e modifier is deprecated, use preg_replace_callback instead E:\w\UPUPW_NP5.5_64-1511\UPUPW_NP5.5_64\vhosts\test\ThinkPHP\Lib\Template\ThinkTemplate.class.php 第 404 行.
NOTIC: [8192] preg_replace(): The /e modifier is deprecated, use preg_replace_callback instead E:\w\UPUPW_NP5.5_64-1511\UPUPW_NP5.5_64\vhosts\test\ThinkPHP\Lib\Template\ThinkTemplate.class.php 第 404 行.
NOTIC: [8192] preg_replace(): The /e modifier is deprecated, use preg_replace_callback instead E:\w\UPUPW_NP5.5_64-1511\UPUPW_NP5.5_64\vhosts\test\ThinkPHP\Lib\Template\ThinkTemplate.class.php 第 399 行.
NOTIC: [8192] preg_replace(): The /e modifier is deprecated, use preg_replace_callback instead E:\w\UPUPW_NP5.5_64-1511\UPUPW_NP5.5_64\vhosts\test\ThinkPHP\Lib\Template\ThinkTemplate.class.php 第 404 行.
NOTIC: [8192] preg_replace(): The /e modifier is deprecated, use preg_replace_callback instead E:\w\UPUPW_NP5.5_64-1511\UPUPW_NP5.5_64\vhosts\test\ThinkPHP\Lib\Template\ThinkTemplate.class.php 第 404 行.
NOTIC: [8192] preg_replace(): The /e modifier is deprecated, use preg_replace_callback instead E:\w\UPUPW_NP5.5_64-1511\UPUPW_NP5.5_64\vhosts\test\ThinkPHP\Lib\Template\ThinkTemplate.class.php 第 404 行.
NOTIC: [8192] preg_replace(): The /e modifier is deprecated, use preg_replace_callback instead E:\w\UPUPW_NP5.5_64-1511\UPUPW_NP5.5_64\vhosts\test\ThinkPHP\Lib\Template\ThinkTemplate.class.php 第 404 行.
NOTIC: [8192] preg_replace(): The /e modifier is deprecated, use preg_replace_callback instead E:\w\UPUPW_NP5.5_64-1511\UPUPW_NP5.5_64\vhosts\test\ThinkPHP\Lib\Template\ThinkTemplate.class.php 第 404 行.
NOTIC: [8192] preg_replace(): The /e modifier is deprecated, use preg_replace_callback instead E:\w\UPUPW_NP5.5_64-1511\UPUPW_NP5.5_64\vhosts\test\ThinkPHP\Lib\Template\ThinkTemplate.class.php 第 404 行.
NOTIC: [8192] preg_replace(): The /e modifier is deprecated, use preg_replace_callback instead E:\w\UPUPW_NP5.5_64-1511\UPUPW_NP5.5_64\vhosts\test\ThinkPHP\Lib\Template\ThinkTemplate.class.php 第 404 行.
NOTIC: [8192] preg_replace(): The /e modifier is deprecated, use preg_replace_callback instead E:\w\UPUPW_NP5.5_64-1511\UPUPW_NP5.5_64\vhosts\test\ThinkPHP\Lib\Template\ThinkTemplate.class.php 第 404 行.
NOTIC: [8192] preg_replace(): The /e modifier is deprecated, use preg_replace_callback instead E:\w\UPUPW_NP5.5_64-1511\UPUPW_NP5.5_64\vhosts\test\ThinkPHP\Lib\Template\ThinkTemplate.class.php 第 404 行.
NOTIC: [8192] preg_replace(): The /e modifier is deprecated, use preg_replace_callback instead E:\w\UPUPW_NP5.5_64-1511\UPUPW_NP5.5_64\vhosts\test\ThinkPHP\Lib\Template\ThinkTemplate.class.php 第 404 行.
NOTIC: [8192] preg_replace(): The /e modifier is deprecated, use preg_replace_callback instead E:\w\UPUPW_NP5.5_64-1511\UPUPW_NP5.5_64\vhosts\test\ThinkPHP\Lib\Template\ThinkTemplate.class.php 第 404 行.
NOTIC: [8192] preg_replace(): The /e modifier is deprecated, use preg_replace_callback instead E:\w\UPUPW_NP5.5_64-1511\UPUPW_NP5.5_64\vhosts\test\ThinkPHP\Lib\Template\ThinkTemplate.class.php 第 404 行.
NOTIC: [8192] preg_replace(): The /e modifier is deprecated, use preg_replace_callback instead E:\w\UPUPW_NP5.5_64-1511\UPUPW_NP5.5_64\vhosts\test\ThinkPHP\Lib\Template\ThinkTemplate.class.php 第 404 行.
NOTIC: [8192] preg_replace(): The /e modifier is deprecated, use preg_replace_callback instead E:\w\UPUPW_NP5.5_64-1511\UPUPW_NP5.5_64\vhosts\test\ThinkPHP\Lib\Template\ThinkTemplate.class.php 第 404 行.
NOTIC: [8192] preg_replace(): The /e modifier is deprecated, use preg_replace_callback instead E:\w\UPUPW_NP5.5_64-1511\UPUPW_NP5.5_64\vhosts\test\ThinkPHP\Lib\Template\ThinkTemplate.class.php 第 404 行.
NOTIC: [8192] preg_replace(): The /e modifier is deprecated, use preg_replace_callback instead E:\w\UPUPW_NP5.5_64-1511\UPUPW_NP5.5_64\vhosts\test\ThinkPHP\Lib\Template\ThinkTemplate.class.php 第 404 行.
NOTIC: [8192] preg_replace(): The /e modifier is deprecated, use preg_replace_callback instead E:\w\UPUPW_NP5.5_64-1511\UPUPW_NP5.5_64\vhosts\test\ThinkPHP\Lib\Template\ThinkTemplate.class.php 第 404 行.
NOTIC: [8192] preg_replace(): The /e modifier is deprecated, use preg_replace_callback instead E:\w\UPUPW_NP5.5_64-1511\UPUPW_NP5.5_64\vhosts\test\ThinkPHP\Lib\Template\ThinkTemplate.class.php 第 404 行.
NOTIC: [8192] preg_replace(): The /e modifier is deprecated, use preg_replace_callback instead E:\w\UPUPW_NP5.5_64-1511\UPUPW_NP5.5_64\vhosts\test\ThinkPHP\Lib\Template\ThinkTemplate.class.php 第 404 行.
NOTIC: [8192] preg_replace(): The /e modifier is deprecated, use preg_replace_callback instead E:\w\UPUPW_NP5.5_64-1511\UPUPW_NP5.5_64\vhosts\test\ThinkPHP\Lib\Template\ThinkTemplate.class.php 第 404 行.
NOTIC: [8192] preg_replace(): The /e modifier is deprecated, use preg_replace_callback instead E:\w\UPUPW_NP5.5_64-1511\UPUPW_NP5.5_64\vhosts\test\ThinkPHP\Lib\Template\ThinkTemplate.class.php 第 404 行.
NOTIC: [8192] preg_replace(): The /e modifier is deprecated, use preg_replace_callback instead E:\w\UPUPW_NP5.5_64-1511\UPUPW_NP5.5_64\vhosts\test\ThinkPHP\Lib\Template\ThinkTemplate.class.php 第 404 行.
NOTIC: [8192] preg_replace(): The /e modifier is deprecated, use preg_replace_callback instead E:\w\UPUPW_NP5.5_64-1511\UPUPW_NP5.5_64\vhosts\test\ThinkPHP\Lib\Template\ThinkTemplate.class.php 第 404 行.
NOTIC: [8192] preg_replace(): The /e modifier is deprecated, use preg_replace_callback instead E:\w\UPUPW_NP5.5_64-1511\UPUPW_NP5.5_64\vhosts\test\ThinkPHP\Lib\Template\ThinkTemplate.class.php 第 404 行.
NOTIC: [8192] preg_replace(): The /e modifier is deprecated, use preg_replace_callback instead E:\w\UPUPW_NP5.5_64-1511\UPUPW_NP5.5_64\vhosts\test\ThinkPHP\Lib\Template\ThinkTemplate.class.php 第 404 行.
NOTIC: [8192] preg_replace(): The /e modifier is deprecated, use preg_replace_callback instead E:\w\UPUPW_NP5.5_64-1511\UPUPW_NP5.5_64\vhosts\test\ThinkPHP\Lib\Template\ThinkTemplate.class.php 第 404 行.
NOTIC: [8192] preg_replace(): The /e modifier is deprecated, use preg_replace_callback instead E:\w\UPUPW_NP5.5_64-1511\UPUPW_NP5.5_64\vhosts\test\ThinkPHP\Lib\Template\ThinkTemplate.class.php 第 404 行.
NOTIC: [8192] preg_replace(): The /e modifier is deprecated, use preg_replace_callback instead E:\w\UPUPW_NP5.5_64-1511\UPUPW_NP5.5_64\vhosts\test\ThinkPHP\Lib\Template\ThinkTemplate.class.php 第 404 行.
NOTIC: [8192] preg_replace(): The /e modifier is deprecated, use preg_replace_callback instead E:\w\UPUPW_NP5.5_64-1511\UPUPW_NP5.5_64\vhosts\test\ThinkPHP\Lib\Template\ThinkTemplate.class.php 第 404 行.
NOTIC: [8192] preg_replace(): The /e modifier is deprecated, use preg_replace_callback instead E:\w\UPUPW_NP5.5_64-1511\UPUPW_NP5.5_64\vhosts\test\ThinkPHP\Lib\Template\ThinkTemplate.class.php 第 404 行.
NOTIC: [8192] preg_replace(): The /e modifier is deprecated, use preg_replace_callback instead E:\w\UPUPW_NP5.5_64-1511\UPUPW_NP5.5_64\vhosts\test\ThinkPHP\Lib\Template\ThinkTemplate.class.php 第 404 行.
NOTIC: [8192] preg_replace(): The /e modifier is deprecated, use preg_replace_callback instead E:\w\UPUPW_NP5.5_64-1511\UPUPW_NP5.5_64\vhosts\test\ThinkPHP\Lib\Template\ThinkTemplate.class.php 第 404 行.
NOTIC: [8192] preg_replace(): The /e modifier is deprecated, use preg_replace_callback instead E:\w\UPUPW_NP5.5_64-1511\UPUPW_NP5.5_64\vhosts\test\ThinkPHP\Lib\Template\ThinkTemplate.class.php 第 404 行.
NOTIC: [8192] preg_replace(): The /e modifier is deprecated, use preg_replace_callback instead E:\w\UPUPW_NP5.5_64-1511\UPUPW_NP5.5_64\vhosts\test\ThinkPHP\Lib\Template\ThinkTemplate.class.php 第 404 行.
NOTIC: [8192] preg_replace(): The /e modifier is deprecated, use preg_replace_callback instead E:\w\UPUPW_NP5.5_64-1511\UPUPW_NP5.5_64\vhosts\test\ThinkPHP\Lib\Template\ThinkTemplate.class.php 第 404 行.
NOTIC: [8192] preg_replace(): The /e modifier is deprecated, use preg_replace_callback instead E:\w\UPUPW_NP5.5_64-1511\UPUPW_NP5.5_64\vhosts\test\ThinkPHP\Lib\Template\ThinkTemplate.class.php 第 404 行.
NOTIC: [8192] preg_replace(): The /e modifier is deprecated, use preg_replace_callback instead E:\w\UPUPW_NP5.5_64-1511\UPUPW_NP5.5_64\vhosts\test\ThinkPHP\Lib\Template\ThinkTemplate.class.php 第 404 行.
NOTIC: [8192] preg_replace(): The /e modifier is deprecated, use preg_replace_callback instead E:\w\UPUPW_NP5.5_64-1511\UPUPW_NP5.5_64\vhosts\test\ThinkPHP\Lib\Template\ThinkTemplate.class.php 第 404 行.
NOTIC: [8192] preg_replace(): The /e modifier is deprecated, use preg_replace_callback instead E:\w\UPUPW_NP5.5_64-1511\UPUPW_NP5.5_64\vhosts\test\ThinkPHP\Lib\Template\ThinkTemplate.class.php 第 404 行.
NOTIC: [8192] preg_replace(): The /e modifier is deprecated, use preg_replace_callback instead E:\w\UPUPW_NP5.5_64-1511\UPUPW_NP5.5_64\vhosts\test\ThinkPHP\Lib\Template\ThinkTemplate.class.php 第 404 行.
NOTIC: [8192] preg_replace(): The /e modifier is deprecated, use preg_replace_callback instead E:\w\UPUPW_NP5.5_64-1511\UPUPW_NP5.5_64\vhosts\test\ThinkPHP\Lib\Template\ThinkTemplate.class.php 第 404 行.
NOTIC: [8192] preg_replace(): The /e modifier is deprecated, use preg_replace_callback instead E:\w\UPUPW_NP5.5_64-1511\UPUPW_NP5.5_64\vhosts\test\ThinkPHP\Lib\Template\ThinkTemplate.class.php 第 404 行.
NOTIC: [8192] preg_replace(): The /e modifier is deprecated, use preg_replace_callback instead E:\w\UPUPW_NP5.5_64-1511\UPUPW_NP5.5_64\vhosts\test\ThinkPHP\Lib\Template\ThinkTemplate.class.php 第 404 行.
NOTIC: [8192] preg_replace(): The /e modifier is deprecated, use preg_replace_callback instead E:\w\UPUPW_NP5.5_64-1511\UPUPW_NP5.5_64\vhosts\test\ThinkPHP\Lib\Template\ThinkTemplate.class.php 第 404 行.
NOTIC: [8192] preg_replace(): The /e modifier is deprecated, use preg_replace_callback instead E:\w\UPUPW_NP5.5_64-1511\UPUPW_NP5.5_64\vhosts\test\ThinkPHP\Lib\Template\ThinkTemplate.class.php 第 404 行.
NOTIC: [8192] preg_replace(): The /e modifier is deprecated, use preg_replace_callback instead E:\w\UPUPW_NP5.5_64-1511\UPUPW_NP5.5_64\vhosts\test\ThinkPHP\Lib\Template\ThinkTemplate.class.php 第 404 行.
NOTIC: [8192] preg_replace(): The /e modifier is deprecated, use preg_replace_callback instead E:\w\UPUPW_NP5.5_64-1511\UPUPW_NP5.5_64\vhosts\test\ThinkPHP\Lib\Template\ThinkTemplate.class.php 第 404 行.
NOTIC: [8192] preg_replace(): The /e modifier is deprecated, use preg_replace_callback instead E:\w\UPUPW_NP5.5_64-1511\UPUPW_NP5.5_64\vhosts\test\ThinkPHP\Lib\Template\ThinkTemplate.class.php 第 404 行.
NOTIC: [8192] preg_replace(): The /e modifier is deprecated, use preg_replace_callback instead E:\w\UPUPW_NP5.5_64-1511\UPUPW_NP5.5_64\vhosts\test\ThinkPHP\Lib\Template\ThinkTemplate.class.php 第 404 行.
NOTIC: [8192] preg_replace(): The /e modifier is deprecated, use preg_replace_callback instead E:\w\UPUPW_NP5.5_64-1511\UPUPW_NP5.5_64\vhosts\test\ThinkPHP\Lib\Template\ThinkTemplate.class.php 第 404 行.
NOTIC: [8192] preg_replace(): The /e modifier is deprecated, use preg_replace_callback instead E:\w\UPUPW_NP5.5_64-1511\UPUPW_NP5.5_64\vhosts\test\ThinkPHP\Lib\Template\ThinkTemplate.class.php 第 404 行.
NOTIC: [8192] preg_replace(): The /e modifier is deprecated, use preg_replace_callback instead E:\w\UPUPW_NP5.5_64-1511\UPUPW_NP5.5_64\vhosts\test\ThinkPHP\Lib\Template\ThinkTemplate.class.php 第 404 行.
NOTIC: [8192] preg_replace(): The /e modifier is deprecated, use preg_replace_callback instead E:\w\UPUPW_NP5.5_64-1511\UPUPW_NP5.5_64\vhosts\test\ThinkPHP\Lib\Template\ThinkTemplate.class.php 第 404 行.
NOTIC: [8192] preg_replace(): The /e modifier is deprecated, use preg_replace_callback instead E:\w\UPUPW_NP5.5_64-1511\UPUPW_NP5.5_64\vhosts\test\ThinkPHP\Lib\Template\ThinkTemplate.class.php 第 404 行.
NOTIC: [8192] preg_replace(): The /e modifier is deprecated, use preg_replace_callback instead E:\w\UPUPW_NP5.5_64-1511\UPUPW_NP5.5_64\vhosts\test\ThinkPHP\Lib\Template\ThinkTemplate.class.php 第 404 行.
NOTIC: [8192] preg_replace(): The /e modifier is deprecated, use preg_replace_callback instead E:\w\UPUPW_NP5.5_64-1511\UPUPW_NP5.5_64\vhosts\test\ThinkPHP\Lib\Template\ThinkTemplate.class.php 第 404 行.
NOTIC: [8192] preg_replace(): The /e modifier is deprecated, use preg_replace_callback instead E:\w\UPUPW_NP5.5_64-1511\UPUPW_NP5.5_64\vhosts\test\ThinkPHP\Lib\Template\ThinkTemplate.class.php 第 404 行.
NOTIC: [8192] preg_replace(): The /e modifier is deprecated, use preg_replace_callback instead E:\w\UPUPW_NP5.5_64-1511\UPUPW_NP5.5_64\vhosts\test\ThinkPHP\Lib\Template\ThinkTemplate.class.php 第 404 行.
NOTIC: [8192] preg_replace(): The /e modifier is deprecated, use preg_replace_callback instead E:\w\UPUPW_NP5.5_64-1511\UPUPW_NP5.5_64\vhosts\test\ThinkPHP\Lib\Template\ThinkTemplate.class.php 第 404 行.
NOTIC: [8192] preg_replace(): The /e modifier is deprecated, use preg_replace_callback instead E:\w\UPUPW_NP5.5_64-1511\UPUPW_NP5.5_64\vhosts\test\ThinkPHP\Lib\Template\ThinkTemplate.class.php 第 404 行.
NOTIC: [8192] preg_replace(): The /e modifier is deprecated, use preg_replace_callback instead E:\w\UPUPW_NP5.5_64-1511\UPUPW_NP5.5_64\vhosts\test\ThinkPHP\Lib\Template\ThinkTemplate.class.php 第 404 行.
NOTIC: [8192] preg_replace(): The /e modifier is deprecated, use preg_replace_callback instead E:\w\UPUPW_NP5.5_64-1511\UPUPW_NP5.5_64\vhosts\test\ThinkPHP\Lib\Template\ThinkTemplate.class.php 第 404 行.
NOTIC: [8192] preg_replace(): The /e modifier is deprecated, use preg_replace_callback instead E:\w\UPUPW_NP5.5_64-1511\UPUPW_NP5.5_64\vhosts\test\ThinkPHP\Lib\Template\ThinkTemplate.class.php 第 404 行.
NOTIC: [8192] preg_replace(): The /e modifier is deprecated, use preg_replace_callback instead E:\w\UPUPW_NP5.5_64-1511\UPUPW_NP5.5_64\vhosts\test\ThinkPHP\Lib\Template\ThinkTemplate.class.php 第 404 行.
NOTIC: [8192] preg_replace(): The /e modifier is deprecated, use preg_replace_callback instead E:\w\UPUPW_NP5.5_64-1511\UPUPW_NP5.5_64\vhosts\test\ThinkPHP\Lib\Template\ThinkTemplate.class.php 第 404 行.
NOTIC: [8192] preg_replace(): The /e modifier is deprecated, use preg_replace_callback instead E:\w\UPUPW_NP5.5_64-1511\UPUPW_NP5.5_64\vhosts\test\ThinkPHP\Lib\Template\ThinkTemplate.class.php 第 404 行.
NOTIC: [8192] preg_replace(): The /e modifier is deprecated, use preg_replace_callback instead E:\w\UPUPW_NP5.5_64-1511\UPUPW_NP5.5_64\vhosts\test\ThinkPHP\Lib\Template\ThinkTemplate.class.php 第 399 行.
NOTIC: [8192] preg_replace(): The /e modifier is deprecated, use preg_replace_callback instead E:\w\UPUPW_NP5.5_64-1511\UPUPW_NP5.5_64\vhosts\test\ThinkPHP\Lib\Template\ThinkTemplate.class.php 第 399 行.
NOTIC: [8192] preg_replace(): The /e modifier is deprecated, use preg_replace_callback instead E:\w\UPUPW_NP5.5_64-1511\UPUPW_NP5.5_64\vhosts\test\ThinkPHP\Lib\Template\ThinkTemplate.class.php 第 399 行.
NOTIC: [8192] preg_replace(): The /e modifier is deprecated, use preg_replace_callback instead E:\w\UPUPW_NP5.5_64-1511\UPUPW_NP5.5_64\vhosts\test\ThinkPHP\Lib\Template\ThinkTemplate.class.php 第 399 行.
NOTIC: [8192] preg_replace(): The /e modifier is deprecated, use preg_replace_callback instead E:\w\UPUPW_NP5.5_64-1511\UPUPW_NP5.5_64\vhosts\test\ThinkPHP\Lib\Template\ThinkTemplate.class.php 第 399 行.
NOTIC: [8192] preg_replace(): The /e modifier is deprecated, use preg_replace_callback instead E:\w\UPUPW_NP5.5_64-1511\UPUPW_NP5.5_64\vhosts\test\ThinkPHP\Lib\Template\ThinkTemplate.class.php 第 399 行.
NOTIC: [8192] preg_replace(): The /e modifier is deprecated, use preg_replace_callback instead E:\w\UPUPW_NP5.5_64-1511\UPUPW_NP5.5_64\vhosts\test\ThinkPHP\Lib\Template\ThinkTemplate.class.php 第 404 行.
NOTIC: [8192] preg_replace(): The /e modifier is deprecated, use preg_replace_callback instead E:\w\UPUPW_NP5.5_64-1511\UPUPW_NP5.5_64\vhosts\test\ThinkPHP\Lib\Template\ThinkTemplate.class.php 第 404 行.
NOTIC: [8192] preg_replace(): The /e modifier is deprecated, use preg_replace_callback instead E:\w\UPUPW_NP5.5_64-1511\UPUPW_NP5.5_64\vhosts\test\ThinkPHP\Lib\Template\ThinkTemplate.class.php 第 404 行.
NOTIC: [8192] preg_replace(): The /e modifier is deprecated, use preg_replace_callback instead E:\w\UPUPW_NP5.5_64-1511\UPUPW_NP5.5_64\vhosts\test\ThinkPHP\Lib\Template\ThinkTemplate.class.php 第 404 行.
NOTIC: [8192] preg_replace(): The /e modifier is deprecated, use preg_replace_callback instead E:\w\UPUPW_NP5.5_64-1511\UPUPW_NP5.5_64\vhosts\test\ThinkPHP\Lib\Template\ThinkTemplate.class.php 第 404 行.
NOTIC: [8192] preg_replace(): The /e modifier is deprecated, use preg_replace_callback instead E:\w\UPUPW_NP5.5_64-1511\UPUPW_NP5.5_64\vhosts\test\ThinkPHP\Lib\Template\ThinkTemplate.class.php 第 197 行.
NOTIC: [8192] preg_replace(): The /e modifier is deprecated, use preg_replace_callback instead E:\w\UPUPW_NP5.5_64-1511\UPUPW_NP5.5_64\vhosts\test\ThinkPHP\Lib\Template\ThinkTemplate.class.php 第 273 行.
NOTIC: [8192] preg_replace(): The /e modifier is deprecated, use preg_replace_callback instead E:\w\UPUPW_NP5.5_64-1511\UPUPW_NP5.5_64\vhosts\test\ThinkPHP\Lib\Template\ThinkTemplate.class.php 第 168 行.
NOTIC: [8192] preg_replace(): The /e modifier is deprecated, use preg_replace_callback instead E:\w\UPUPW_NP5.5_64-1511\UPUPW_NP5.5_64\vhosts\test\ThinkPHP\Lib\Template\ThinkTemplate.class.php 第 404 行.
NOTIC: [8192] preg_replace(): The /e modifier is deprecated, use preg_replace_callback instead E:\w\UPUPW_NP5.5_64-1511\UPUPW_NP5.5_64\vhosts\test\ThinkPHP\Lib\Template\ThinkTemplate.class.php 第 404 行.
NOTIC: [8192] preg_replace(): The /e modifier is deprecated, use preg_replace_callback instead E:\w\UPUPW_NP5.5_64-1511\UPUPW_NP5.5_64\vhosts\test\ThinkPHP\Lib\Template\ThinkTemplate.class.php 第 404 行.
NOTIC: [8192] preg_replace(): The /e modifier is deprecated, use preg_replace_callback instead E:\w\UPUPW_NP5.5_64-1511\UPUPW_NP5.5_64\vhosts\test\ThinkPHP\Lib\Template\ThinkTemplate.class.php 第 404 行.
NOTIC: [8192] preg_replace(): The /e modifier is deprecated, use preg_replace_callback instead E:\w\UPUPW_NP5.5_64-1511\UPUPW_NP5.5_64\vhosts\test\ThinkPHP\Lib\Template\ThinkTemplate.class.php 第 404 行.
NOTIC: [8192] preg_replace(): The /e modifier is deprecated, use preg_replace_callback instead E:\w\UPUPW_NP5.5_64-1511\UPUPW_NP5.5_64\vhosts\test\ThinkPHP\Lib\Template\ThinkTemplate.class.php 第 404 行.
NOTIC: [8192] preg_replace(): The /e modifier is deprecated, use preg_replace_callback instead E:\w\UPUPW_NP5.5_64-1511\UPUPW_NP5.5_64\vhosts\test\ThinkPHP\Lib\Template\ThinkTemplate.class.php 第 404 行.
NOTIC: [8192] preg_replace(): The /e modifier is deprecated, use preg_replace_callback instead E:\w\UPUPW_NP5.5_64-1511\UPUPW_NP5.5_64\vhosts\test\ThinkPHP\Lib\Template\ThinkTemplate.class.php 第 404 行.
NOTIC: [8192] preg_replace(): The /e modifier is deprecated, use preg_replace_callback instead E:\w\UPUPW_NP5.5_64-1511\UPUPW_NP5.5_64\vhosts\test\ThinkPHP\Lib\Template\ThinkTemplate.class.php 第 404 行.
NOTIC: [8192] preg_replace(): The /e modifier is deprecated, use preg_replace_callback instead E:\w\UPUPW_NP5.5_64-1511\UPUPW_NP5.5_64\vhosts\test\ThinkPHP\Lib\Template\ThinkTemplate.class.php 第 404 行.
NOTIC: [8192] preg_replace(): The /e modifier is deprecated, use preg_replace_callback instead E:\w\UPUPW_NP5.5_64-1511\UPUPW_NP5.5_64\vhosts\test\ThinkPHP\Lib\Template\ThinkTemplate.class.php 第 404 行.
NOTIC: [8192] preg_replace(): The /e modifier is deprecated, use preg_replace_callback instead E:\w\UPUPW_NP5.5_64-1511\UPUPW_NP5.5_64\vhosts\test\ThinkPHP\Lib\Template\ThinkTemplate.class.php 第 404 行.
NOTIC: [8192] preg_replace(): The /e modifier is deprecated, use preg_replace_callback instead E:\w\UPUPW_NP5.5_64-1511\UPUPW_NP5.5_64\vhosts\test\ThinkPHP\Lib\Template\ThinkTemplate.class.php 第 399 行.
NOTIC: [8192] preg_replace(): The /e modifier is deprecated, use preg_replace_callback instead E:\w\UPUPW_NP5.5_64-1511\UPUPW_NP5.5_64\vhosts\test\ThinkPHP\Lib\Template\ThinkTemplate.class.php 第 399 行.
NOTIC: [8192] preg_replace(): The /e modifier is deprecated, use preg_replace_callback instead E:\w\UPUPW_NP5.5_64-1511\UPUPW_NP5.5_64\vhosts\test\ThinkPHP\Lib\Template\ThinkTemplate.class.php 第 404 行.
NOTIC: [8192] preg_replace(): The /e modifier is deprecated, use preg_replace_callback instead E:\w\UPUPW_NP5.5_64-1511\UPUPW_NP5.5_64\vhosts\test\ThinkPHP\Lib\Template\ThinkTemplate.class.php 第 404 行.
NOTIC: [8192] preg_replace(): The /e modifier is deprecated, use preg_replace_callback instead E:\w\UPUPW_NP5.5_64-1511\UPUPW_NP5.5_64\vhosts\test\ThinkPHP\Lib\Template\ThinkTemplate.class.php 第 404 行.
NOTIC: [8192] preg_replace(): The /e modifier is deprecated, use preg_replace_callback instead E:\w\UPUPW_NP5.5_64-1511\UPUPW_NP5.5_64\vhosts\test\ThinkPHP\Lib\Template\ThinkTemplate.class.php 第 399 行.
NOTIC: [8192] preg_replace(): The /e modifier is deprecated, use preg_replace_callback instead E:\w\UPUPW_NP5.5_64-1511\UPUPW_NP5.5_64\vhosts\test\ThinkPHP\Lib\Template\ThinkTemplate.class.php 第 404 行.
NOTIC: [8192] preg_replace(): The /e modifier is deprecated, use preg_replace_callback instead E:\w\UPUPW_NP5.5_64-1511\UPUPW_NP5.5_64\vhosts\test\ThinkPHP\Lib\Template\ThinkTemplate.class.php 第 404 行.
NOTIC: [8192] preg_replace(): The /e modifier is deprecated, use preg_replace_callback instead E:\w\UPUPW_NP5.5_64-1511\UPUPW_NP5.5_64\vhosts\test\ThinkPHP\Lib\Template\ThinkTemplate.class.php 第 404 行.
NOTIC: [8192] preg_replace(): The /e modifier is deprecated, use preg_replace_callback instead E:\w\UPUPW_NP5.5_64-1511\UPUPW_NP5.5_64\vhosts\test\ThinkPHP\Lib\Template\ThinkTemplate.class.php 第 404 行.
NOTIC: [8192] preg_replace(): The /e modifier is deprecated, use preg_replace_callback instead E:\w\UPUPW_NP5.5_64-1511\UPUPW_NP5.5_64\vhosts\test\ThinkPHP\Lib\Template\ThinkTemplate.class.php 第 404 行.
NOTIC: [8192] preg_replace(): The /e modifier is deprecated, use preg_replace_callback instead E:\w\UPUPW_NP5.5_64-1511\UPUPW_NP5.5_64\vhosts\test\ThinkPHP\Lib\Template\ThinkTemplate.class.php 第 404 行.
NOTIC: [8192] preg_replace(): The /e modifier is deprecated, use preg_replace_callback instead E:\w\UPUPW_NP5.5_64-1511\UPUPW_NP5.5_64\vhosts\test\ThinkPHP\Lib\Template\ThinkTemplate.class.php 第 404 行.
NOTIC: [8192] preg_replace(): The /e modifier is deprecated, use preg_replace_callback instead E:\w\UPUPW_NP5.5_64-1511\UPUPW_NP5.5_64\vhosts\test\ThinkPHP\Lib\Template\ThinkTemplate.class.php 第 404 行.
NOTIC: [8192] preg_replace(): The /e modifier is deprecated, use preg_replace_callback instead E:\w\UPUPW_NP5.5_64-1511\UPUPW_NP5.5_64\vhosts\test\ThinkPHP\Lib\Template\ThinkTemplate.class.php 第 404 行.
NOTIC: [8192] preg_replace(): The /e modifier is deprecated, use preg_replace_callback instead E:\w\UPUPW_NP5.5_64-1511\UPUPW_NP5.5_64\vhosts\test\ThinkPHP\Lib\Template\ThinkTemplate.class.php 第 404 行.
NOTIC: [8192] preg_replace(): The /e modifier is deprecated, use preg_replace_callback instead E:\w\UPUPW_NP5.5_64-1511\UPUPW_NP5.5_64\vhosts\test\ThinkPHP\Lib\Template\ThinkTemplate.class.php 第 404 行.
NOTIC: [8192] preg_replace(): The /e modifier is deprecated, use preg_replace_callback instead E:\w\UPUPW_NP5.5_64-1511\UPUPW_NP5.5_64\vhosts\test\ThinkPHP\Lib\Template\ThinkTemplate.class.php 第 404 行.
NOTIC: [8192] preg_replace(): The /e modifier is deprecated, use preg_replace_callback instead E:\w\UPUPW_NP5.5_64-1511\UPUPW_NP5.5_64\vhosts\test\ThinkPHP\Lib\Template\ThinkTemplate.class.php 第 404 行.
NOTIC: [8192] preg_replace(): The /e modifier is deprecated, use preg_replace_callback instead E:\w\UPUPW_NP5.5_64-1511\UPUPW_NP5.5_64\vhosts\test\ThinkPHP\Lib\Template\ThinkTemplate.class.php 第 404 行.
NOTIC: [8192] preg_replace(): The /e modifier is deprecated, use preg_replace_callback instead E:\w\UPUPW_NP5.5_64-1511\UPUPW_NP5.5_64\vhosts\test\ThinkPHP\Lib\Template\ThinkTemplate.class.php 第 404 行.
NOTIC: [8192] preg_replace(): The /e modifier is deprecated, use preg_replace_callback instead E:\w\UPUPW_NP5.5_64-1511\UPUPW_NP5.5_64\vhosts\test\ThinkPHP\Lib\Template\ThinkTemplate.class.php 第 404 行.
NOTIC: [8192] preg_replace(): The /e modifier is deprecated, use preg_replace_callback instead E:\w\UPUPW_NP5.5_64-1511\UPUPW_NP5.5_64\vhosts\test\ThinkPHP\Lib\Template\ThinkTemplate.class.php 第 404 行.
NOTIC: [8192] preg_replace(): The /e modifier is deprecated, use preg_replace_callback instead E:\w\UPUPW_NP5.5_64-1511\UPUPW_NP5.5_64\vhosts\test\ThinkPHP\Lib\Template\ThinkTemplate.class.php 第 404 行.
NOTIC: [8192] preg_replace(): The /e modifier is deprecated, use preg_replace_callback instead E:\w\UPUPW_NP5.5_64-1511\UPUPW_NP5.5_64\vhosts\test\ThinkPHP\Lib\Template\ThinkTemplate.class.php 第 404 行.
NOTIC: [8192] preg_replace(): The /e modifier is deprecated, use preg_replace_callback instead E:\w\UPUPW_NP5.5_64-1511\UPUPW_NP5.5_64\vhosts\test\ThinkPHP\Lib\Template\ThinkTemplate.class.php 第 404 行.
NOTIC: [8192] preg_replace(): The /e modifier is deprecated, use preg_replace_callback instead E:\w\UPUPW_NP5.5_64-1511\UPUPW_NP5.5_64\vhosts\test\ThinkPHP\Lib\Template\ThinkTemplate.class.php 第 404 行.
NOTIC: [8192] preg_replace(): The /e modifier is deprecated, use preg_replace_callback instead E:\w\UPUPW_NP5.5_64-1511\UPUPW_NP5.5_64\vhosts\test\ThinkPHP\Lib\Template\ThinkTemplate.class.php 第 404 行.
NOTIC: [8192] preg_replace(): The /e modifier is deprecated, use preg_replace_callback instead E:\w\UPUPW_NP5.5_64-1511\UPUPW_NP5.5_64\vhosts\test\ThinkPHP\Lib\Template\ThinkTemplate.class.php 第 404 行.
NOTIC: [8192] preg_replace(): The /e modifier is deprecated, use preg_replace_callback instead E:\w\UPUPW_NP5.5_64-1511\UPUPW_NP5.5_64\vhosts\test\ThinkPHP\Lib\Template\ThinkTemplate.class.php 第 404 行.
NOTIC: [8192] preg_replace(): The /e modifier is deprecated, use preg_replace_callback instead E:\w\UPUPW_NP5.5_64-1511\UPUPW_NP5.5_64\vhosts\test\ThinkPHP\Lib\Template\ThinkTemplate.class.php 第 404 行.
NOTIC: [8192] preg_replace(): The /e modifier is deprecated, use preg_replace_callback instead E:\w\UPUPW_NP5.5_64-1511\UPUPW_NP5.5_64\vhosts\test\ThinkPHP\Lib\Template\ThinkTemplate.class.php 第 404 行.
NOTIC: [8192] preg_replace(): The /e modifier is deprecated, use preg_replace_callback instead E:\w\UPUPW_NP5.5_64-1511\UPUPW_NP5.5_64\vhosts\test\ThinkPHP\Lib\Template\ThinkTemplate.class.php 第 404 行.
NOTIC: [8192] preg_replace(): The /e modifier is deprecated, use preg_replace_callback instead E:\w\UPUPW_NP5.5_64-1511\UPUPW_NP5.5_64\vhosts\test\ThinkPHP\Lib\Template\ThinkTemplate.class.php 第 404 行.
NOTIC: [8192] preg_replace(): The /e modifier is deprecated, use preg_replace_callback instead E:\w\UPUPW_NP5.5_64-1511\UPUPW_NP5.5_64\vhosts\test\ThinkPHP\Lib\Template\ThinkTemplate.class.php 第 404 行.
NOTIC: [8192] preg_replace(): The /e modifier is deprecated, use preg_replace_callback instead E:\w\UPUPW_NP5.5_64-1511\UPUPW_NP5.5_64\vhosts\test\ThinkPHP\Lib\Template\ThinkTemplate.class.php 第 404 行.
NOTIC: [8192] preg_replace(): The /e modifier is deprecated, use preg_replace_callback instead E:\w\UPUPW_NP5.5_64-1511\UPUPW_NP5.5_64\vhosts\test\ThinkPHP\Lib\Template\ThinkTemplate.class.php 第 404 行.
NOTIC: [8192] preg_replace(): The /e modifier is deprecated, use preg_replace_callback instead E:\w\UPUPW_NP5.5_64-1511\UPUPW_NP5.5_64\vhosts\test\ThinkPHP\Lib\Template\ThinkTemplate.class.php 第 404 行.
NOTIC: [8192] preg_replace(): The /e modifier is deprecated, use preg_replace_callback instead E:\w\UPUPW_NP5.5_64-1511\UPUPW_NP5.5_64\vhosts\test\ThinkPHP\Lib\Template\ThinkTemplate.class.php 第 404 行.
NOTIC: [8192] preg_replace(): The /e modifier is deprecated, use preg_replace_callback instead E:\w\UPUPW_NP5.5_64-1511\UPUPW_NP5.5_64\vhosts\test\ThinkPHP\Lib\Template\ThinkTemplate.class.php 第 404 行.
NOTIC: [8192] preg_replace(): The /e modifier is deprecated, use preg_replace_callback instead E:\w\UPUPW_NP5.5_64-1511\UPUPW_NP5.5_64\vhosts\test\ThinkPHP\Lib\Template\ThinkTemplate.class.php 第 404 行.
NOTIC: [8192] preg_replace(): The /e modifier is deprecated, use preg_replace_callback instead E:\w\UPUPW_NP5.5_64-1511\UPUPW_NP5.5_64\vhosts\test\ThinkPHP\Lib\Template\ThinkTemplate.class.php 第 404 行.
NOTIC: [8192] preg_replace(): The /e modifier is deprecated, use preg_replace_callback instead E:\w\UPUPW_NP5.5_64-1511\UPUPW_NP5.5_64\vhosts\test\ThinkPHP\Lib\Template\ThinkTemplate.class.php 第 404 行.
NOTIC: [8192] preg_replace(): The /e modifier is deprecated, use preg_replace_callback instead E:\w\UPUPW_NP5.5_64-1511\UPUPW_NP5.5_64\vhosts\test\ThinkPHP\Lib\Template\ThinkTemplate.class.php 第 404 行.
NOTIC: [8192] preg_replace(): The /e modifier is deprecated, use preg_replace_callback instead E:\w\UPUPW_NP5.5_64-1511\UPUPW_NP5.5_64\vhosts\test\ThinkPHP\Lib\Template\ThinkTemplate.class.php 第 404 行.
NOTIC: [8192] preg_replace(): The /e modifier is deprecated, use preg_replace_callback instead E:\w\UPUPW_NP5.5_64-1511\UPUPW_NP5.5_64\vhosts\test\ThinkPHP\Lib\Template\ThinkTemplate.class.php 第 404 行.
NOTIC: [8192] preg_replace(): The /e modifier is deprecated, use preg_replace_callback instead E:\w\UPUPW_NP5.5_64-1511\UPUPW_NP5.5_64\vhosts\test\ThinkPHP\Lib\Template\ThinkTemplate.class.php 第 404 行.
NOTIC: [8192] preg_replace(): The /e modifier is deprecated, use preg_replace_callback instead E:\w\UPUPW_NP5.5_64-1511\UPUPW_NP5.5_64\vhosts\test\ThinkPHP\Lib\Template\ThinkTemplate.class.php 第 404 行.
NOTIC: [8192] preg_replace(): The /e modifier is deprecated, use preg_replace_callback instead E:\w\UPUPW_NP5.5_64-1511\UPUPW_NP5.5_64\vhosts\test\ThinkPHP\Lib\Template\ThinkTemplate.class.php 第 404 行.
NOTIC: [8192] preg_replace(): The /e modifier is deprecated, use preg_replace_callback instead E:\w\UPUPW_NP5.5_64-1511\UPUPW_NP5.5_64\vhosts\test\ThinkPHP\Lib\Template\ThinkTemplate.class.php 第 404 行.
NOTIC: [8192] preg_replace(): The /e modifier is deprecated, use preg_replace_callback instead E:\w\UPUPW_NP5.5_64-1511\UPUPW_NP5.5_64\vhosts\test\ThinkPHP\Lib\Template\ThinkTemplate.class.php 第 404 行.
NOTIC: [8192] preg_replace(): The /e modifier is deprecated, use preg_replace_callback instead E:\w\UPUPW_NP5.5_64-1511\UPUPW_NP5.5_64\vhosts\test\ThinkPHP\Lib\Template\ThinkTemplate.class.php 第 404 行.
NOTIC: [8192] preg_replace(): The /e modifier is deprecated, use preg_replace_callback instead E:\w\UPUPW_NP5.5_64-1511\UPUPW_NP5.5_64\vhosts\test\ThinkPHP\Lib\Template\ThinkTemplate.class.php 第 404 行.
NOTIC: [8192] preg_replace(): The /e modifier is deprecated, use preg_replace_callback instead E:\w\UPUPW_NP5.5_64-1511\UPUPW_NP5.5_64\vhosts\test\ThinkPHP\Lib\Template\ThinkTemplate.class.php 第 404 行.
NOTIC: [8192] preg_replace(): The /e modifier is deprecated, use preg_replace_callback instead E:\w\UPUPW_NP5.5_64-1511\UPUPW_NP5.5_64\vhosts\test\ThinkPHP\Lib\Template\ThinkTemplate.class.php 第 404 行.
NOTIC: [8192] preg_replace(): The /e modifier is deprecated, use preg_replace_callback instead E:\w\UPUPW_NP5.5_64-1511\UPUPW_NP5.5_64\vhosts\test\ThinkPHP\Lib\Template\ThinkTemplate.class.php 第 404 行.
NOTIC: [8192] preg_replace(): The /e modifier is deprecated, use preg_replace_callback instead E:\w\UPUPW_NP5.5_64-1511\UPUPW_NP5.5_64\vhosts\test\ThinkPHP\Lib\Template\ThinkTemplate.class.php 第 404 行.
NOTIC: [8192] preg_replace(): The /e modifier is deprecated, use preg_replace_callback instead E:\w\UPUPW_NP5.5_64-1511\UPUPW_NP5.5_64\vhosts\test\ThinkPHP\Lib\Template\ThinkTemplate.class.php 第 404 行.
NOTIC: [8192] preg_replace(): The /e modifier is deprecated, use preg_replace_callback instead E:\w\UPUPW_NP5.5_64-1511\UPUPW_NP5.5_64\vhosts\test\ThinkPHP\Lib\Template\ThinkTemplate.class.php 第 404 行.
NOTIC: [8192] preg_replace(): The /e modifier is deprecated, use preg_replace_callback instead E:\w\UPUPW_NP5.5_64-1511\UPUPW_NP5.5_64\vhosts\test\ThinkPHP\Lib\Template\ThinkTemplate.class.php 第 404 行.
NOTIC: [8192] preg_replace(): The /e modifier is deprecated, use preg_replace_callback instead E:\w\UPUPW_NP5.5_64-1511\UPUPW_NP5.5_64\vhosts\test\ThinkPHP\Lib\Template\ThinkTemplate.class.php 第 404 行.
NOTIC: [8192] preg_replace(): The /e modifier is deprecated, use preg_replace_callback instead E:\w\UPUPW_NP5.5_64-1511\UPUPW_NP5.5_64\vhosts\test\ThinkPHP\Lib\Template\ThinkTemplate.class.php 第 404 行.
NOTIC: [8192] preg_replace(): The /e modifier is deprecated, use preg_replace_callback instead E:\w\UPUPW_NP5.5_64-1511\UPUPW_NP5.5_64\vhosts\test\ThinkPHP\Lib\Template\ThinkTemplate.class.php 第 404 行.
NOTIC: [8192] preg_replace(): The /e modifier is deprecated, use preg_replace_callback instead E:\w\UPUPW_NP5.5_64-1511\UPUPW_NP5.5_64\vhosts\test\ThinkPHP\Lib\Template\ThinkTemplate.class.php 第 404 行.
NOTIC: [8192] preg_replace(): The /e modifier is deprecated, use preg_replace_callback instead E:\w\UPUPW_NP5.5_64-1511\UPUPW_NP5.5_64\vhosts\test\ThinkPHP\Lib\Template\ThinkTemplate.class.php 第 404 行.
NOTIC: [8192] preg_replace(): The /e modifier is deprecated, use preg_replace_callback instead E:\w\UPUPW_NP5.5_64-1511\UPUPW_NP5.5_64\vhosts\test\ThinkPHP\Lib\Template\ThinkTemplate.class.php 第 404 行.
NOTIC: [8192] preg_replace(): The /e modifier is deprecated, use preg_replace_callback instead E:\w\UPUPW_NP5.5_64-1511\UPUPW_NP5.5_64\vhosts\test\ThinkPHP\Lib\Template\ThinkTemplate.class.php 第 404 行.
NOTIC: [8192] preg_replace(): The /e modifier is deprecated, use preg_replace_callback instead E:\w\UPUPW_NP5.5_64-1511\UPUPW_NP5.5_64\vhosts\test\ThinkPHP\Lib\Template\ThinkTemplate.class.php 第 404 行.
NOTIC: [8192] preg_replace(): The /e modifier is deprecated, use preg_replace_callback instead E:\w\UPUPW_NP5.5_64-1511\UPUPW_NP5.5_64\vhosts\test\ThinkPHP\Lib\Template\ThinkTemplate.class.php 第 404 行.
NOTIC: [8192] preg_replace(): The /e modifier is deprecated, use preg_replace_callback instead E:\w\UPUPW_NP5.5_64-1511\UPUPW_NP5.5_64\vhosts\test\ThinkPHP\Lib\Template\ThinkTemplate.class.php 第 404 行.
NOTIC: [8192] preg_replace(): The /e modifier is deprecated, use preg_replace_callback instead E:\w\UPUPW_NP5.5_64-1511\UPUPW_NP5.5_64\vhosts\test\ThinkPHP\Lib\Template\ThinkTemplate.class.php 第 404 行.
NOTIC: [8192] preg_replace(): The /e modifier is deprecated, use preg_replace_callback instead E:\w\UPUPW_NP5.5_64-1511\UPUPW_NP5.5_64\vhosts\test\ThinkPHP\Lib\Template\ThinkTemplate.class.php 第 404 行.
NOTIC: [8192] preg_replace(): The /e modifier is deprecated, use preg_replace_callback instead E:\w\UPUPW_NP5.5_64-1511\UPUPW_NP5.5_64\vhosts\test\ThinkPHP\Lib\Template\ThinkTemplate.class.php 第 399 行.
NOTIC: [8192] preg_replace(): The /e modifier is deprecated, use preg_replace_callback instead E:\w\UPUPW_NP5.5_64-1511\UPUPW_NP5.5_64\vhosts\test\ThinkPHP\Lib\Template\ThinkTemplate.class.php 第 399 行.
NOTIC: [8192] preg_replace(): The /e modifier is deprecated, use preg_replace_callback instead E:\w\UPUPW_NP5.5_64-1511\UPUPW_NP5.5_64\vhosts\test\ThinkPHP\Lib\Template\ThinkTemplate.class.php 第 399 行.
NOTIC: [8192] preg_replace(): The /e modifier is deprecated, use preg_replace_callback instead E:\w\UPUPW_NP5.5_64-1511\UPUPW_NP5.5_64\vhosts\test\ThinkPHP\Lib\Template\ThinkTemplate.class.php 第 399 行.
NOTIC: [8192] preg_replace(): The /e modifier is deprecated, use preg_replace_callback instead E:\w\UPUPW_NP5.5_64-1511\UPUPW_NP5.5_64\vhosts\test\ThinkPHP\Lib\Template\ThinkTemplate.class.php 第 399 行.
NOTIC: [8192] preg_replace(): The /e modifier is deprecated, use preg_replace_callback instead E:\w\UPUPW_NP5.5_64-1511\UPUPW_NP5.5_64\vhosts\test\ThinkPHP\Lib\Template\ThinkTemplate.class.php 第 399 行.
NOTIC: [8192] preg_replace(): The /e modifier is deprecated, use preg_replace_callback instead E:\w\UPUPW_NP5.5_64-1511\UPUPW_NP5.5_64\vhosts\test\ThinkPHP\Lib\Template\ThinkTemplate.class.php 第 404 行.
NOTIC: [8192] preg_replace(): The /e modifier is deprecated, use preg_replace_callback instead E:\w\UPUPW_NP5.5_64-1511\UPUPW_NP5.5_64\vhosts\test\ThinkPHP\Lib\Template\ThinkTemplate.class.php 第 404 行.
NOTIC: [8192] preg_replace(): The /e modifier is deprecated, use preg_replace_callback instead E:\w\UPUPW_NP5.5_64-1511\UPUPW_NP5.5_64\vhosts\test\ThinkPHP\Lib\Template\ThinkTemplate.class.php 第 404 行.
NOTIC: [8192] preg_replace(): The /e modifier is deprecated, use preg_replace_callback instead E:\w\UPUPW_NP5.5_64-1511\UPUPW_NP5.5_64\vhosts\test\ThinkPHP\Lib\Template\ThinkTemplate.class.php 第 404 行.
NOTIC: [8192] preg_replace(): The /e modifier is deprecated, use preg_replace_callback instead E:\w\UPUPW_NP5.5_64-1511\UPUPW_NP5.5_64\vhosts\test\ThinkPHP\Lib\Template\ThinkTemplate.class.php 第 404 行.
NOTIC: [8192] preg_replace(): The /e modifier is deprecated, use preg_replace_callback instead E:\w\UPUPW_NP5.5_64-1511\UPUPW_NP5.5_64\vhosts\test\ThinkPHP\Lib\Template\ThinkTemplate.class.php 第 197 行.
NOTIC: [8192] preg_replace(): The /e modifier is deprecated, use preg_replace_callback instead E:\w\UPUPW_NP5.5_64-1511\UPUPW_NP5.5_64\vhosts\test\ThinkPHP\Lib\Template\ThinkTemplate.class.php 第 404 行.
NOTIC: [8192] preg_replace(): The /e modifier is deprecated, use preg_replace_callback instead E:\w\UPUPW_NP5.5_64-1511\UPUPW_NP5.5_64\vhosts\test\ThinkPHP\Lib\Template\ThinkTemplate.class.php 第 404 行.
NOTIC: [8192] preg_replace(): The /e modifier is deprecated, use preg_replace_callback instead E:\w\UPUPW_NP5.5_64-1511\UPUPW_NP5.5_64\vhosts\test\ThinkPHP\Lib\Template\ThinkTemplate.class.php 第 404 行.
NOTIC: [8192] preg_replace(): The /e modifier is deprecated, use preg_replace_callback instead E:\w\UPUPW_NP5.5_64-1511\UPUPW_NP5.5_64\vhosts\test\ThinkPHP\Lib\Template\ThinkTemplate.class.php 第 404 行.
NOTIC: [8192] preg_replace(): The /e modifier is deprecated, use preg_replace_callback instead E:\w\UPUPW_NP5.5_64-1511\UPUPW_NP5.5_64\vhosts\test\ThinkPHP\Lib\Template\ThinkTemplate.class.php 第 399 行.
NOTIC: [8192] preg_replace(): The /e modifier is deprecated, use preg_replace_callback instead E:\w\UPUPW_NP5.5_64-1511\UPUPW_NP5.5_64\vhosts\test\ThinkPHP\Lib\Template\ThinkTemplate.class.php 第 399 行.
NOTIC: [8192] preg_replace(): The /e modifier is deprecated, use preg_replace_callback instead E:\w\UPUPW_NP5.5_64-1511\UPUPW_NP5.5_64\vhosts\test\ThinkPHP\Lib\Template\ThinkTemplate.class.php 第 404 行.
NOTIC: [8192] preg_replace(): The /e modifier is deprecated, use preg_replace_callback instead E:\w\UPUPW_NP5.5_64-1511\UPUPW_NP5.5_64\vhosts\test\ThinkPHP\Lib\Template\ThinkTemplate.class.php 第 404 行.
NOTIC: [8192] preg_replace(): The /e modifier is deprecated, use preg_replace_callback instead E:\w\UPUPW_NP5.5_64-1511\UPUPW_NP5.5_64\vhosts\test\ThinkPHP\Lib\Template\ThinkTemplate.class.php 第 404 行.
NOTIC: [8192] preg_replace(): The /e modifier is deprecated, use preg_replace_callback instead E:\w\UPUPW_NP5.5_64-1511\UPUPW_NP5.5_64\vhosts\test\ThinkPHP\Lib\Template\ThinkTemplate.class.php 第 399 行.
NOTIC: [8192] preg_replace(): The /e modifier is deprecated, use preg_replace_callback instead E:\w\UPUPW_NP5.5_64-1511\UPUPW_NP5.5_64\vhosts\test\ThinkPHP\Lib\Template\ThinkTemplate.class.php 第 404 行.
NOTIC: [8192] preg_replace(): The /e modifier is deprecated, use preg_replace_callback instead E:\w\UPUPW_NP5.5_64-1511\UPUPW_NP5.5_64\vhosts\test\ThinkPHP\Lib\Template\ThinkTemplate.class.php 第 404 行.
NOTIC: [8192] preg_replace(): The /e modifier is deprecated, use preg_replace_callback instead E:\w\UPUPW_NP5.5_64-1511\UPUPW_NP5.5_64\vhosts\test\ThinkPHP\Lib\Template\ThinkTemplate.class.php 第 404 行.
NOTIC: [8192] preg_replace(): The /e modifier is deprecated, use preg_replace_callback instead E:\w\UPUPW_NP5.5_64-1511\UPUPW_NP5.5_64\vhosts\test\ThinkPHP\Lib\Template\ThinkTemplate.class.php 第 404 行.
NOTIC: [8192] preg_replace(): The /e modifier is deprecated, use preg_replace_callback instead E:\w\UPUPW_NP5.5_64-1511\UPUPW_NP5.5_64\vhosts\test\ThinkPHP\Lib\Template\ThinkTemplate.class.php 第 404 行.
NOTIC: [8192] preg_replace(): The /e modifier is deprecated, use preg_replace_callback instead E:\w\UPUPW_NP5.5_64-1511\UPUPW_NP5.5_64\vhosts\test\ThinkPHP\Lib\Template\ThinkTemplate.class.php 第 404 行.
NOTIC: [8192] preg_replace(): The /e modifier is deprecated, use preg_replace_callback instead E:\w\UPUPW_NP5.5_64-1511\UPUPW_NP5.5_64\vhosts\test\ThinkPHP\Lib\Template\ThinkTemplate.class.php 第 404 行.
NOTIC: [8192] preg_replace(): The /e modifier is deprecated, use preg_replace_callback instead E:\w\UPUPW_NP5.5_64-1511\UPUPW_NP5.5_64\vhosts\test\ThinkPHP\Lib\Template\ThinkTemplate.class.php 第 404 行.
NOTIC: [8192] preg_replace(): The /e modifier is deprecated, use preg_replace_callback instead E:\w\UPUPW_NP5.5_64-1511\UPUPW_NP5.5_64\vhosts\test\ThinkPHP\Lib\Template\ThinkTemplate.class.php 第 404 行.
NOTIC: [8192] preg_replace(): The /e modifier is deprecated, use preg_replace_callback instead E:\w\UPUPW_NP5.5_64-1511\UPUPW_NP5.5_64\vhosts\test\ThinkPHP\Lib\Template\ThinkTemplate.class.php 第 404 行.
NOTIC: [8192] preg_replace(): The /e modifier is deprecated, use preg_replace_callback instead E:\w\UPUPW_NP5.5_64-1511\UPUPW_NP5.5_64\vhosts\test\ThinkPHP\Lib\Template\ThinkTemplate.class.php 第 404 行.
NOTIC: [8192] preg_replace(): The /e modifier is deprecated, use preg_replace_callback instead E:\w\UPUPW_NP5.5_64-1511\UPUPW_NP5.5_64\vhosts\test\ThinkPHP\Lib\Template\ThinkTemplate.class.php 第 404 行.
NOTIC: [8192] preg_replace(): The /e modifier is deprecated, use preg_replace_callback instead E:\w\UPUPW_NP5.5_64-1511\UPUPW_NP5.5_64\vhosts\test\ThinkPHP\Lib\Template\ThinkTemplate.class.php 第 404 行.
NOTIC: [8192] preg_replace(): The /e modifier is deprecated, use preg_replace_callback instead E:\w\UPUPW_NP5.5_64-1511\UPUPW_NP5.5_64\vhosts\test\ThinkPHP\Lib\Template\ThinkTemplate.class.php 第 404 行.
NOTIC: [8192] preg_replace(): The /e modifier is deprecated, use preg_replace_callback instead E:\w\UPUPW_NP5.5_64-1511\UPUPW_NP5.5_64\vhosts\test\ThinkPHP\Lib\Template\ThinkTemplate.class.php 第 404 行.
NOTIC: [8192] preg_replace(): The /e modifier is deprecated, use preg_replace_callback instead E:\w\UPUPW_NP5.5_64-1511\UPUPW_NP5.5_64\vhosts\test\ThinkPHP\Lib\Template\ThinkTemplate.class.php 第 404 行.
NOTIC: [8192] preg_replace(): The /e modifier is deprecated, use preg_replace_callback instead E:\w\UPUPW_NP5.5_64-1511\UPUPW_NP5.5_64\vhosts\test\ThinkPHP\Lib\Template\ThinkTemplate.class.php 第 404 行.
NOTIC: [8192] preg_replace(): The /e modifier is deprecated, use preg_replace_callback instead E:\w\UPUPW_NP5.5_64-1511\UPUPW_NP5.5_64\vhosts\test\ThinkPHP\Lib\Template\ThinkTemplate.class.php 第 404 行.
NOTIC: [8192] preg_replace(): The /e modifier is deprecated, use preg_replace_callback instead E:\w\UPUPW_NP5.5_64-1511\UPUPW_NP5.5_64\vhosts\test\ThinkPHP\Lib\Template\ThinkTemplate.class.php 第 404 行.
NOTIC: [8192] preg_replace(): The /e modifier is deprecated, use preg_replace_callback instead E:\w\UPUPW_NP5.5_64-1511\UPUPW_NP5.5_64\vhosts\test\ThinkPHP\Lib\Template\ThinkTemplate.class.php 第 404 行.
NOTIC: [8192] preg_replace(): The /e modifier is deprecated, use preg_replace_callback instead E:\w\UPUPW_NP5.5_64-1511\UPUPW_NP5.5_64\vhosts\test\ThinkPHP\Lib\Template\ThinkTemplate.class.php 第 404 行.
NOTIC: [8192] preg_replace(): The /e modifier is deprecated, use preg_replace_callback instead E:\w\UPUPW_NP5.5_64-1511\UPUPW_NP5.5_64\vhosts\test\ThinkPHP\Lib\Template\ThinkTemplate.class.php 第 404 行.
NOTIC: [8192] preg_replace(): The /e modifier is deprecated, use preg_replace_callback instead E:\w\UPUPW_NP5.5_64-1511\UPUPW_NP5.5_64\vhosts\test\ThinkPHP\Lib\Template\ThinkTemplate.class.php 第 404 行.
NOTIC: [8192] preg_replace(): The /e modifier is deprecated, use preg_replace_callback instead E:\w\UPUPW_NP5.5_64-1511\UPUPW_NP5.5_64\vhosts\test\ThinkPHP\Lib\Template\ThinkTemplate.class.php 第 404 行.
NOTIC: [8192] preg_replace(): The /e modifier is deprecated, use preg_replace_callback instead E:\w\UPUPW_NP5.5_64-1511\UPUPW_NP5.5_64\vhosts\test\ThinkPHP\Lib\Template\ThinkTemplate.class.php 第 404 行.
NOTIC: [8192] preg_replace(): The /e modifier is deprecated, use preg_replace_callback instead E:\w\UPUPW_NP5.5_64-1511\UPUPW_NP5.5_64\vhosts\test\ThinkPHP\Lib\Template\ThinkTemplate.class.php 第 404 行.
NOTIC: [8192] preg_replace(): The /e modifier is deprecated, use preg_replace_callback instead E:\w\UPUPW_NP5.5_64-1511\UPUPW_NP5.5_64\vhosts\test\ThinkPHP\Lib\Template\ThinkTemplate.class.php 第 404 行.
NOTIC: [8192] preg_replace(): The /e modifier is deprecated, use preg_replace_callback instead E:\w\UPUPW_NP5.5_64-1511\UPUPW_NP5.5_64\vhosts\test\ThinkPHP\Lib\Template\ThinkTemplate.class.php 第 404 行.
NOTIC: [8192] preg_replace(): The /e modifier is deprecated, use preg_replace_callback instead E:\w\UPUPW_NP5.5_64-1511\UPUPW_NP5.5_64\vhosts\test\ThinkPHP\Lib\Template\ThinkTemplate.class.php 第 404 行.
NOTIC: [8192] preg_replace(): The /e modifier is deprecated, use preg_replace_callback instead E:\w\UPUPW_NP5.5_64-1511\UPUPW_NP5.5_64\vhosts\test\ThinkPHP\Lib\Template\ThinkTemplate.class.php 第 404 行.
NOTIC: [8192] preg_replace(): The /e modifier is deprecated, use preg_replace_callback instead E:\w\UPUPW_NP5.5_64-1511\UPUPW_NP5.5_64\vhosts\test\ThinkPHP\Lib\Template\ThinkTemplate.class.php 第 404 行.
NOTIC: [8192] preg_replace(): The /e modifier is deprecated, use preg_replace_callback instead E:\w\UPUPW_NP5.5_64-1511\UPUPW_NP5.5_64\vhosts\test\ThinkPHP\Lib\Template\ThinkTemplate.class.php 第 404 行.
NOTIC: [8192] preg_replace(): The /e modifier is deprecated, use preg_replace_callback instead E:\w\UPUPW_NP5.5_64-1511\UPUPW_NP5.5_64\vhosts\test\ThinkPHP\Lib\Template\ThinkTemplate.class.php 第 404 行.
NOTIC: [8192] preg_replace(): The /e modifier is deprecated, use preg_replace_callback instead E:\w\UPUPW_NP5.5_64-1511\UPUPW_NP5.5_64\vhosts\test\ThinkPHP\Lib\Template\ThinkTemplate.class.php 第 404 行.
NOTIC: [8192] preg_replace(): The /e modifier is deprecated, use preg_replace_callback instead E:\w\UPUPW_NP5.5_64-1511\UPUPW_NP5.5_64\vhosts\test\ThinkPHP\Lib\Template\ThinkTemplate.class.php 第 404 行.
NOTIC: [8192] preg_replace(): The /e modifier is deprecated, use preg_replace_callback instead E:\w\UPUPW_NP5.5_64-1511\UPUPW_NP5.5_64\vhosts\test\ThinkPHP\Lib\Template\ThinkTemplate.class.php 第 404 行.
NOTIC: [8192] preg_replace(): The /e modifier is deprecated, use preg_replace_callback instead E:\w\UPUPW_NP5.5_64-1511\UPUPW_NP5.5_64\vhosts\test\ThinkPHP\Lib\Template\ThinkTemplate.class.php 第 404 行.
NOTIC: [8192] preg_replace(): The /e modifier is deprecated, use preg_replace_callback instead E:\w\UPUPW_NP5.5_64-1511\UPUPW_NP5.5_64\vhosts\test\ThinkPHP\Lib\Template\ThinkTemplate.class.php 第 404 行.
NOTIC: [8192] preg_replace(): The /e modifier is deprecated, use preg_replace_callback instead E:\w\UPUPW_NP5.5_64-1511\UPUPW_NP5.5_64\vhosts\test\ThinkPHP\Lib\Template\ThinkTemplate.class.php 第 404 行.
NOTIC: [8192] preg_replace(): The /e modifier is deprecated, use preg_replace_callback instead E:\w\UPUPW_NP5.5_64-1511\UPUPW_NP5.5_64\vhosts\test\ThinkPHP\Lib\Template\ThinkTemplate.class.php 第 404 行.
NOTIC: [8192] preg_replace(): The /e modifier is deprecated, use preg_replace_callback instead E:\w\UPUPW_NP5.5_64-1511\UPUPW_NP5.5_64\vhosts\test\ThinkPHP\Lib\Template\ThinkTemplate.class.php 第 404 行.
NOTIC: [8192] preg_replace(): The /e modifier is deprecated, use preg_replace_callback instead E:\w\UPUPW_NP5.5_64-1511\UPUPW_NP5.5_64\vhosts\test\ThinkPHP\Lib\Template\ThinkTemplate.class.php 第 404 行.
NOTIC: [8192] preg_replace(): The /e modifier is deprecated, use preg_replace_callback instead E:\w\UPUPW_NP5.5_64-1511\UPUPW_NP5.5_64\vhosts\test\ThinkPHP\Lib\Template\ThinkTemplate.class.php 第 404 行.
NOTIC: [8192] preg_replace(): The /e modifier is deprecated, use preg_replace_callback instead E:\w\UPUPW_NP5.5_64-1511\UPUPW_NP5.5_64\vhosts\test\ThinkPHP\Lib\Template\ThinkTemplate.class.php 第 404 行.
NOTIC: [8192] preg_replace(): The /e modifier is deprecated, use preg_replace_callback instead E:\w\UPUPW_NP5.5_64-1511\UPUPW_NP5.5_64\vhosts\test\ThinkPHP\Lib\Template\ThinkTemplate.class.php 第 404 行.
NOTIC: [8192] preg_replace(): The /e modifier is deprecated, use preg_replace_callback instead E:\w\UPUPW_NP5.5_64-1511\UPUPW_NP5.5_64\vhosts\test\ThinkPHP\Lib\Template\ThinkTemplate.class.php 第 404 行.
NOTIC: [8192] preg_replace(): The /e modifier is deprecated, use preg_replace_callback instead E:\w\UPUPW_NP5.5_64-1511\UPUPW_NP5.5_64\vhosts\test\ThinkPHP\Lib\Template\ThinkTemplate.class.php 第 404 行.
NOTIC: [8192] preg_replace(): The /e modifier is deprecated, use preg_replace_callback instead E:\w\UPUPW_NP5.5_64-1511\UPUPW_NP5.5_64\vhosts\test\ThinkPHP\Lib\Template\ThinkTemplate.class.php 第 404 行.
NOTIC: [8192] preg_replace(): The /e modifier is deprecated, use preg_replace_callback instead E:\w\UPUPW_NP5.5_64-1511\UPUPW_NP5.5_64\vhosts\test\ThinkPHP\Lib\Template\ThinkTemplate.class.php 第 404 行.
NOTIC: [8192] preg_replace(): The /e modifier is deprecated, use preg_replace_callback instead E:\w\UPUPW_NP5.5_64-1511\UPUPW_NP5.5_64\vhosts\test\ThinkPHP\Lib\Template\ThinkTemplate.class.php 第 404 行.
NOTIC: [8192] preg_replace(): The /e modifier is deprecated, use preg_replace_callback instead E:\w\UPUPW_NP5.5_64-1511\UPUPW_NP5.5_64\vhosts\test\ThinkPHP\Lib\Template\ThinkTemplate.class.php 第 404 行.
NOTIC: [8192] preg_replace(): The /e modifier is deprecated, use preg_replace_callback instead E:\w\UPUPW_NP5.5_64-1511\UPUPW_NP5.5_64\vhosts\test\ThinkPHP\Lib\Template\ThinkTemplate.class.php 第 404 行.
NOTIC: [8192] preg_replace(): The /e modifier is deprecated, use preg_replace_callback instead E:\w\UPUPW_NP5.5_64-1511\UPUPW_NP5.5_64\vhosts\test\ThinkPHP\Lib\Template\ThinkTemplate.class.php 第 404 行.
NOTIC: [8192] preg_replace(): The /e modifier is deprecated, use preg_replace_callback instead E:\w\UPUPW_NP5.5_64-1511\UPUPW_NP5.5_64\vhosts\test\ThinkPHP\Lib\Template\ThinkTemplate.class.php 第 404 行.
NOTIC: [8192] preg_replace(): The /e modifier is deprecated, use preg_replace_callback instead E:\w\UPUPW_NP5.5_64-1511\UPUPW_NP5.5_64\vhosts\test\ThinkPHP\Lib\Template\ThinkTemplate.class.php 第 404 行.
NOTIC: [8192] preg_replace(): The /e modifier is deprecated, use preg_replace_callback instead E:\w\UPUPW_NP5.5_64-1511\UPUPW_NP5.5_64\vhosts\test\ThinkPHP\Lib\Template\ThinkTemplate.class.php 第 404 行.
NOTIC: [8192] preg_replace(): The /e modifier is deprecated, use preg_replace_callback instead E:\w\UPUPW_NP5.5_64-1511\UPUPW_NP5.5_64\vhosts\test\ThinkPHP\Lib\Template\ThinkTemplate.class.php 第 404 行.
NOTIC: [8192] preg_replace(): The /e modifier is deprecated, use preg_replace_callback instead E:\w\UPUPW_NP5.5_64-1511\UPUPW_NP5.5_64\vhosts\test\ThinkPHP\Lib\Template\ThinkTemplate.class.php 第 404 行.
NOTIC: [8192] preg_replace(): The /e modifier is deprecated, use preg_replace_callback instead E:\w\UPUPW_NP5.5_64-1511\UPUPW_NP5.5_64\vhosts\test\ThinkPHP\Lib\Template\ThinkTemplate.class.php 第 404 行.
NOTIC: [8192] preg_replace(): The /e modifier is deprecated, use preg_replace_callback instead E:\w\UPUPW_NP5.5_64-1511\UPUPW_NP5.5_64\vhosts\test\ThinkPHP\Lib\Template\ThinkTemplate.class.php 第 404 行.
NOTIC: [8192] preg_replace(): The /e modifier is deprecated, use preg_replace_callback instead E:\w\UPUPW_NP5.5_64-1511\UPUPW_NP5.5_64\vhosts\test\ThinkPHP\Lib\Template\ThinkTemplate.class.php 第 404 行.
NOTIC: [8192] preg_replace(): The /e modifier is deprecated, use preg_replace_callback instead E:\w\UPUPW_NP5.5_64-1511\UPUPW_NP5.5_64\vhosts\test\ThinkPHP\Lib\Template\ThinkTemplate.class.php 第 404 行.
NOTIC: [8192] preg_replace(): The /e modifier is deprecated, use preg_replace_callback instead E:\w\UPUPW_NP5.5_64-1511\UPUPW_NP5.5_64\vhosts\test\ThinkPHP\Lib\Template\ThinkTemplate.class.php 第 404 行.
NOTIC: [8192] preg_replace(): The /e modifier is deprecated, use preg_replace_callback instead E:\w\UPUPW_NP5.5_64-1511\UPUPW_NP5.5_64\vhosts\test\ThinkPHP\Lib\Template\ThinkTemplate.class.php 第 404 行.
NOTIC: [8192] preg_replace(): The /e modifier is deprecated, use preg_replace_callback instead E:\w\UPUPW_NP5.5_64-1511\UPUPW_NP5.5_64\vhosts\test\ThinkPHP\Lib\Template\ThinkTemplate.class.php 第 404 行.
NOTIC: [8192] preg_replace(): The /e modifier is deprecated, use preg_replace_callback instead E:\w\UPUPW_NP5.5_64-1511\UPUPW_NP5.5_64\vhosts\test\ThinkPHP\Lib\Template\ThinkTemplate.class.php 第 404 行.
NOTIC: [8192] preg_replace(): The /e modifier is deprecated, use preg_replace_callback instead E:\w\UPUPW_NP5.5_64-1511\UPUPW_NP5.5_64\vhosts\test\ThinkPHP\Lib\Template\ThinkTemplate.class.php 第 399 行.
NOTIC: [8192] preg_replace(): The /e modifier is deprecated, use preg_replace_callback instead E:\w\UPUPW_NP5.5_64-1511\UPUPW_NP5.5_64\vhosts\test\ThinkPHP\Lib\Template\ThinkTemplate.class.php 第 399 行.
NOTIC: [8192] preg_replace(): The /e modifier is deprecated, use preg_replace_callback instead E:\w\UPUPW_NP5.5_64-1511\UPUPW_NP5.5_64\vhosts\test\ThinkPHP\Lib\Template\ThinkTemplate.class.php 第 399 行.
NOTIC: [8192] preg_replace(): The /e modifier is deprecated, use preg_replace_callback instead E:\w\UPUPW_NP5.5_64-1511\UPUPW_NP5.5_64\vhosts\test\ThinkPHP\Lib\Template\ThinkTemplate.class.php 第 399 行.
NOTIC: [8192] preg_replace(): The /e modifier is deprecated, use preg_replace_callback instead E:\w\UPUPW_NP5.5_64-1511\UPUPW_NP5.5_64\vhosts\test\ThinkPHP\Lib\Template\ThinkTemplate.class.php 第 399 行.
NOTIC: [8192] preg_replace(): The /e modifier is deprecated, use preg_replace_callback instead E:\w\UPUPW_NP5.5_64-1511\UPUPW_NP5.5_64\vhosts\test\ThinkPHP\Lib\Template\ThinkTemplate.class.php 第 399 行.
NOTIC: [8192] preg_replace(): The /e modifier is deprecated, use preg_replace_callback instead E:\w\UPUPW_NP5.5_64-1511\UPUPW_NP5.5_64\vhosts\test\ThinkPHP\Lib\Template\ThinkTemplate.class.php 第 404 行.
NOTIC: [8192] preg_replace(): The /e modifier is deprecated, use preg_replace_callback instead E:\w\UPUPW_NP5.5_64-1511\UPUPW_NP5.5_64\vhosts\test\ThinkPHP\Lib\Template\ThinkTemplate.class.php 第 404 行.
NOTIC: [8192] preg_replace(): The /e modifier is deprecated, use preg_replace_callback instead E:\w\UPUPW_NP5.5_64-1511\UPUPW_NP5.5_64\vhosts\test\ThinkPHP\Lib\Template\ThinkTemplate.class.php 第 404 行.
NOTIC: [8192] preg_replace(): The /e modifier is deprecated, use preg_replace_callback instead E:\w\UPUPW_NP5.5_64-1511\UPUPW_NP5.5_64\vhosts\test\ThinkPHP\Lib\Template\ThinkTemplate.class.php 第 404 行.
NOTIC: [8192] preg_replace(): The /e modifier is deprecated, use preg_replace_callback instead E:\w\UPUPW_NP5.5_64-1511\UPUPW_NP5.5_64\vhosts\test\ThinkPHP\Lib\Template\ThinkTemplate.class.php 第 404 行.
NOTIC: [8192] preg_replace(): The /e modifier is deprecated, use preg_replace_callback instead E:\w\UPUPW_NP5.5_64-1511\UPUPW_NP5.5_64\vhosts\test\ThinkPHP\Lib\Template\ThinkTemplate.class.php 第 197 行.
NOTIC: [8192] preg_replace(): The /e modifier is deprecated, use preg_replace_callback instead E:\w\UPUPW_NP5.5_64-1511\UPUPW_NP5.5_64\vhosts\test\ThinkPHP\Lib\Template\ThinkTemplate.class.php 第 137 行.
NOTIC: [8] Undefined variable: detail E:\w\UPUPW_NP5.5_64-1511\UPUPW_NP5.5_64\vhosts\test\data\Runtime\Cache\Shangjia\f6d4696296d18913a77749daeefd9325.php 第 61 行.
NOTIC: [8] Undefined variable: detail E:\w\UPUPW_NP5.5_64-1511\UPUPW_NP5.5_64\vhosts\test\data\Runtime\Cache\Shangjia\f6d4696296d18913a77749daeefd9325.php 第 67 行.
NOTIC: [8] Undefined variable: detail E:\w\UPUPW_NP5.5_64-1511\UPUPW_NP5.5_64\vhosts\test\data\Runtime\Cache\Shangjia\f6d4696296d18913a77749daeefd9325.php 第 73 行.
NOTIC: [8] Undefined variable: detail E:\w\UPUPW_NP5.5_64-1511\UPUPW_NP5.5_64\vhosts\test\data\Runtime\Cache\Shangjia\f6d4696296d18913a77749daeefd9325.php 第 90 行.
NOTIC: [8] Undefined variable: detail E:\w\UPUPW_NP5.5_64-1511\UPUPW_NP5.5_64\vhosts\test\data\Runtime\Cache\Shangjia\f6d4696296d18913a77749daeefd9325.php 第 98 行.
NOTIC: [8] Undefined variable: cates E:\w\UPUPW_NP5.5_64-1511\UPUPW_NP5.5_64\vhosts\test\data\Runtime\Cache\Shangjia\f6d4696296d18913a77749daeefd9325.php 第 109 行.
NOTIC: [8] Undefined variable: detail E:\w\UPUPW_NP5.5_64-1511\UPUPW_NP5.5_64\vhosts\test\data\Runtime\Cache\Shangjia\f6d4696296d18913a77749daeefd9325.php 第 164 行.
NOTIC: [8] Undefined variable: detail E:\w\UPUPW_NP5.5_64-1511\UPUPW_NP5.5_64\vhosts\test\data\Runtime\Cache\Shangjia\f6d4696296d18913a77749daeefd9325.php 第 168 行.
NOTIC: [8] Undefined variable: detail E:\w\UPUPW_NP5.5_64-1511\UPUPW_NP5.5_64\vhosts\test\data\Runtime\Cache\Shangjia\f6d4696296d18913a77749daeefd9325.php 第 203 行.
NOTIC: [8] Undefined variable: detail E:\w\UPUPW_NP5.5_64-1511\UPUPW_NP5.5_64\vhosts\test\data\Runtime\Cache\Shangjia\f6d4696296d18913a77749daeefd9325.php 第 207 行.
NOTIC: [8] Undefined variable: photos E:\w\UPUPW_NP5.5_64-1511\UPUPW_NP5.5_64\vhosts\test\data\Runtime\Cache\Shangjia\f6d4696296d18913a77749daeefd9325.php 第 258 行.
NOTIC: [8] Undefined variable: detail E:\w\UPUPW_NP5.5_64-1511\UPUPW_NP5.5_64\vhosts\test\data\Runtime\Cache\Shangjia\f6d4696296d18913a77749daeefd9325.php 第 326 行.
NOTIC: [8] Undefined variable: detail E:\w\UPUPW_NP5.5_64-1511\UPUPW_NP5.5_64\vhosts\test\data\Runtime\Cache\Shangjia\f6d4696296d18913a77749daeefd9325.php 第 331 行.
NOTIC: [8] Undefined variable: detail E:\w\UPUPW_NP5.5_64-1511\UPUPW_NP5.5_64\vhosts\test\data\Runtime\Cache\Shangjia\f6d4696296d18913a77749daeefd9325.php 第 337 行.
NOTIC: [8] Undefined variable: detail E:\w\UPUPW_NP5.5_64-1511\UPUPW_NP5.5_64\vhosts\test\data\Runtime\Cache\Shangjia\f6d4696296d18913a77749daeefd9325.php 第 343 行.
NOTIC: [8] Undefined variable: detail E:\w\UPUPW_NP5.5_64-1511\UPUPW_NP5.5_64\vhosts\test\data\Runtime\Cache\Shangjia\f6d4696296d18913a77749daeefd9325.php 第 349 行.
NOTIC: [8] Undefined variable: detail E:\w\UPUPW_NP5.5_64-1511\UPUPW_NP5.5_64\vhosts\test\data\Runtime\Cache\Shangjia\f6d4696296d18913a77749daeefd9325.php 第 355 行.
NOTIC: [8] Undefined variable: detail E:\w\UPUPW_NP5.5_64-1511\UPUPW_NP5.5_64\vhosts\test\data\Runtime\Cache\Shangjia\f6d4696296d18913a77749daeefd9325.php 第 361 行.
NOTIC: [8] Undefined variable: detail E:\w\UPUPW_NP5.5_64-1511\UPUPW_NP5.5_64\vhosts\test\data\Runtime\Cache\Shangjia\f6d4696296d18913a77749daeefd9325.php 第 367 行.
NOTIC: [8] Undefined variable: detail E:\w\UPUPW_NP5.5_64-1511\UPUPW_NP5.5_64\vhosts\test\data\Runtime\Cache\Shangjia\f6d4696296d18913a77749daeefd9325.php 第 373 行.
NOTIC: [8] Undefined variable: detail E:\w\UPUPW_NP5.5_64-1511\UPUPW_NP5.5_64\vhosts\test\data\Runtime\Cache\Shangjia\f6d4696296d18913a77749daeefd9325.php 第 380 行.
NOTIC: [8] Undefined variable: detail E:\w\UPUPW_NP5.5_64-1511\UPUPW_NP5.5_64\vhosts\test\data\Runtime\Cache\Shangjia\f6d4696296d18913a77749daeefd9325.php 第 381 行.
NOTIC: [8] Undefined variable: detail E:\w\UPUPW_NP5.5_64-1511\UPUPW_NP5.5_64\vhosts\test\data\Runtime\Cache\Shangjia\f6d4696296d18913a77749daeefd9325.php 第 388 行.
NOTIC: [8] Undefined variable: detail E:\w\UPUPW_NP5.5_64-1511\UPUPW_NP5.5_64\vhosts\test\data\Runtime\Cache\Shangjia\f6d4696296d18913a77749daeefd9325.php 第 407 行.
NOTIC: [8] Undefined variable: detail E:\w\UPUPW_NP5.5_64-1511\UPUPW_NP5.5_64\vhosts\test\data\Runtime\Cache\Shangjia\f6d4696296d18913a77749daeefd9325.php 第 428 行.
NOTIC: [8] Undefined variable: detail E:\w\UPUPW_NP5.5_64-1511\UPUPW_NP5.5_64\vhosts\test\data\Runtime\Cache\Shangjia\f6d4696296d18913a77749daeefd9325.php 第 434 行.
NOTIC: [8] Undefined variable: detail E:\w\UPUPW_NP5.5_64-1511\UPUPW_NP5.5_64\vhosts\test\data\Runtime\Cache\Shangjia\f6d4696296d18913a77749daeefd9325.php 第 440 行.
NOTIC: [8] Undefined variable: detail E:\w\UPUPW_NP5.5_64-1511\UPUPW_NP5.5_64\vhosts\test\data\Runtime\Cache\Shangjia\f6d4696296d18913a77749daeefd9325.php 第 445 行.
NOTIC: [8] Undefined variable: detail E:\w\UPUPW_NP5.5_64-1511\UPUPW_NP5.5_64\vhosts\test\data\Runtime\Cache\Shangjia\f6d4696296d18913a77749daeefd9325.php 第 451 行.
NOTIC: [8] Undefined variable: refund_type E:\w\UPUPW_NP5.5_64-1511\UPUPW_NP5.5_64\vhosts\test\data\Runtime\Cache\Shangjia\f6d4696296d18913a77749daeefd9325.php 第 460 行.
INFO: ParseTemplate Behavior ::run [ RunTime:0.016001s ]
INFO: [ view_parse ] --END-- [ RunTime:0.016001s ]
INFO: [ view_filter ] --START--
INFO: ContentReplace Behavior ::run [ RunTime:0.001000s ]
INFO: TokenBuild Behavior ::run [ RunTime:0.000000s ]
INFO: WriteHtmlCache Behavior ::run [ RunTime:0.000000s ]
INFO: ShowRuntime Behavior ::run [ RunTime:0.000000s ]
INFO: [ view_filter ] --END-- [ RunTime:0.001000s ]
INFO: [ view_end ] --START--
INFO: ShowPageTrace Behavior ::run [ RunTime:0.000000s ]
INFO: [ view_end ] --END-- [ RunTime:0.000000s ]

